2017-07-22 08:56:23 Error: [MissingControllerException] Controller class AssetsController could not be found.
Exception Attributes: array (
  'class' => 'AssetsController',
  'plugin' => NULL,
)
Request URL: /assets/plugins/bootstrap/css/bootstrap.min.css.map
Stack Trace:
#0 C:\xampp\htdocs\phonlamai\backend\webroot\index.php(111): Dispatcher->dispatch(Object(CakeRequest), Object(CakeResponse))
#1 {main}
2017-07-22 08:56:24 Error: [MissingControllerException] Controller class AssetsController could not be found.
Exception Attributes: array (
  'class' => 'AssetsController',
  'plugin' => NULL,
)
Request URL: /assets/plugins/bootstrap/css/bootstrap-theme.min.css.map
Stack Trace:
#0 C:\xampp\htdocs\phonlamai\backend\webroot\index.php(111): Dispatcher->dispatch(Object(CakeRequest), Object(CakeResponse))
#1 {main}
2017-07-22 09:09:20 Error: [MissingControllerException] Controller class Index-ecommerce.htmlController could not be found.
Exception Attributes: array (
  'class' => 'Index-ecommerce.htmlController',
  'plugin' => NULL,
)
Request URL: /index-ecommerce.html
Stack Trace:
#0 C:\xampp\htdocs\phonlamai\backend\webroot\index.php(111): Dispatcher->dispatch(Object(CakeRequest), Object(CakeResponse))
#1 {main}
2017-07-22 09:11:38 Error: [MissingControllerException] Controller class Index-ecommerce.htmlController could not be found.
Exception Attributes: array (
  'class' => 'Index-ecommerce.htmlController',
  'plugin' => NULL,
)
Request URL: /index-ecommerce.html
Stack Trace:
#0 C:\xampp\htdocs\phonlamai\backend\webroot\index.php(111): Dispatcher->dispatch(Object(CakeRequest), Object(CakeResponse))
#1 {main}
2017-07-22 09:11:50 Error: [MissingControllerException] Controller class AssetsController could not be found.
Exception Attributes: array (
  'class' => 'AssetsController',
  'plugin' => NULL,
)
Request URL: /assets/plugins/bootstrap/css/bootstrap-theme.min.css.map
Stack Trace:
#0 C:\xampp\htdocs\phonlamai\backend\webroot\index.php(111): Dispatcher->dispatch(Object(CakeRequest), Object(CakeResponse))
#1 {main}
2017-07-22 09:11:50 Error: [MissingControllerException] Controller class AssetsController could not be found.
Exception Attributes: array (
  'class' => 'AssetsController',
  'plugin' => NULL,
)
Request URL: /assets/plugins/bootstrap/css/bootstrap.min.css.map
Stack Trace:
#0 C:\xampp\htdocs\phonlamai\backend\webroot\index.php(111): Dispatcher->dispatch(Object(CakeRequest), Object(CakeResponse))
#1 {main}
2017-07-22 09:13:53 Error: [MissingControllerException] Controller class Index-ecommerce.htmlController could not be found.
Exception Attributes: array (
  'class' => 'Index-ecommerce.htmlController',
  'plugin' => NULL,
)
Request URL: /index-ecommerce.html
Stack Trace:
#0 C:\xampp\htdocs\phonlamai\backend\webroot\index.php(111): Dispatcher->dispatch(Object(CakeRequest), Object(CakeResponse))
#1 {main}
2017-07-22 09:13:55 Error: [MissingControllerException] Controller class AssetsController could not be found.
Exception Attributes: array (
  'class' => 'AssetsController',
  'plugin' => NULL,
)
Request URL: /assets/plugins/bootstrap/css/bootstrap.min.css.map
Stack Trace:
#0 C:\xampp\htdocs\phonlamai\backend\webroot\index.php(111): Dispatcher->dispatch(Object(CakeRequest), Object(CakeResponse))
#1 {main}
2017-07-22 09:13:55 Error: [MissingControllerException] Controller class AssetsController could not be found.
Exception Attributes: array (
  'class' => 'AssetsController',
  'plugin' => NULL,
)
Request URL: /assets/plugins/bootstrap/css/bootstrap-theme.min.css.map
Stack Trace:
#0 C:\xampp\htdocs\phonlamai\backend\webroot\index.php(111): Dispatcher->dispatch(Object(CakeRequest), Object(CakeResponse))
#1 {main}
2017-07-22 09:15:38 Error: [MissingControllerException] Controller class Index-ecommerce.htmlController could not be found.
Exception Attributes: array (
  'class' => 'Index-ecommerce.htmlController',
  'plugin' => NULL,
)
Request URL: /index-ecommerce.html
Stack Trace:
#0 C:\xampp\htdocs\phonlamai\backend\webroot\index.php(111): Dispatcher->dispatch(Object(CakeRequest), Object(CakeResponse))
#1 {main}
2017-07-22 09:15:39 Error: [MissingControllerException] Controller class AssetsController could not be found.
Exception Attributes: array (
  'class' => 'AssetsController',
  'plugin' => NULL,
)
Request URL: /assets/plugins/bootstrap/css/bootstrap.min.css.map
Stack Trace:
#0 C:\xampp\htdocs\phonlamai\backend\webroot\index.php(111): Dispatcher->dispatch(Object(CakeRequest), Object(CakeResponse))
#1 {main}
2017-07-22 09:15:39 Error: [MissingControllerException] Controller class AssetsController could not be found.
Exception Attributes: array (
  'class' => 'AssetsController',
  'plugin' => NULL,
)
Request URL: /assets/plugins/bootstrap/css/bootstrap-theme.min.css.map
Stack Trace:
#0 C:\xampp\htdocs\phonlamai\backend\webroot\index.php(111): Dispatcher->dispatch(Object(CakeRequest), Object(CakeResponse))
#1 {main}
2017-07-22 09:16:43 Error: [MissingControllerException] Controller class Index-ecommerce.htmlController could not be found.
Exception Attributes: array (
  'class' => 'Index-ecommerce.htmlController',
  'plugin' => NULL,
)
Request URL: /index-ecommerce.html
Stack Trace:
#0 C:\xampp\htdocs\phonlamai\backend\webroot\index.php(111): Dispatcher->dispatch(Object(CakeRequest), Object(CakeResponse))
#1 {main}
2017-07-22 09:16:45 Error: [MissingControllerException] Controller class AssetsController could not be found.
Exception Attributes: array (
  'class' => 'AssetsController',
  'plugin' => NULL,
)
Request URL: /assets/plugins/bootstrap/css/bootstrap.min.css.map
Stack Trace:
#0 C:\xampp\htdocs\phonlamai\backend\webroot\index.php(111): Dispatcher->dispatch(Object(CakeRequest), Object(CakeResponse))
#1 {main}
2017-07-22 09:16:45 Error: [MissingControllerException] Controller class AssetsController could not be found.
Exception Attributes: array (
  'class' => 'AssetsController',
  'plugin' => NULL,
)
Request URL: /assets/plugins/bootstrap/css/bootstrap-theme.min.css.map
Stack Trace:
#0 C:\xampp\htdocs\phonlamai\backend\webroot\index.php(111): Dispatcher->dispatch(Object(CakeRequest), Object(CakeResponse))
#1 {main}
2017-07-22 09:17:37 Error: [MissingControllerException] Controller class Index-ecommerce.htmlController could not be found.
Exception Attributes: array (
  'class' => 'Index-ecommerce.htmlController',
  'plugin' => NULL,
)
Request URL: /index-ecommerce.html
Stack Trace:
#0 C:\xampp\htdocs\phonlamai\backend\webroot\index.php(111): Dispatcher->dispatch(Object(CakeRequest), Object(CakeResponse))
#1 {main}
2017-07-22 09:17:38 Error: [MissingControllerException] Controller class AssetsController could not be found.
Exception Attributes: array (
  'class' => 'AssetsController',
  'plugin' => NULL,
)
Request URL: /assets/plugins/bootstrap/css/bootstrap.min.css.map
Stack Trace:
#0 C:\xampp\htdocs\phonlamai\backend\webroot\index.php(111): Dispatcher->dispatch(Object(CakeRequest), Object(CakeResponse))
#1 {main}
2017-07-22 09:17:38 Error: [MissingControllerException] Controller class AssetsController could not be found.
Exception Attributes: array (
  'class' => 'AssetsController',
  'plugin' => NULL,
)
Request URL: /assets/plugins/bootstrap/css/bootstrap-theme.min.css.map
Stack Trace:
#0 C:\xampp\htdocs\phonlamai\backend\webroot\index.php(111): Dispatcher->dispatch(Object(CakeRequest), Object(CakeResponse))
#1 {main}
2017-07-22 09:18:07 Error: [MissingControllerException] Controller class Index-ecommerce.htmlController could not be found.
Exception Attributes: array (
  'class' => 'Index-ecommerce.htmlController',
  'plugin' => NULL,
)
Request URL: /index-ecommerce.html
Stack Trace:
#0 C:\xampp\htdocs\phonlamai\backend\webroot\index.php(111): Dispatcher->dispatch(Object(CakeRequest), Object(CakeResponse))
#1 {main}
2017-07-22 09:18:18 Error: [MissingControllerException] Controller class AssetsController could not be found.
Exception Attributes: array (
  'class' => 'AssetsController',
  'plugin' => NULL,
)
Request URL: /assets/plugins/bootstrap/css/bootstrap.min.css.map
Stack Trace:
#0 C:\xampp\htdocs\phonlamai\backend\webroot\index.php(111): Dispatcher->dispatch(Object(CakeRequest), Object(CakeResponse))
#1 {main}
2017-07-22 09:18:18 Error: [MissingControllerException] Controller class AssetsController could not be found.
Exception Attributes: array (
  'class' => 'AssetsController',
  'plugin' => NULL,
)
Request URL: /assets/plugins/bootstrap/css/bootstrap-theme.min.css.map
Stack Trace:
#0 C:\xampp\htdocs\phonlamai\backend\webroot\index.php(111): Dispatcher->dispatch(Object(CakeRequest), Object(CakeResponse))
#1 {main}
2017-07-22 09:18:33 Error: [MissingControllerException] Controller class Index-ecommerce.htmlController could not be found.
Exception Attributes: array (
  'class' => 'Index-ecommerce.htmlController',
  'plugin' => NULL,
)
Request URL: /index-ecommerce.html
Stack Trace:
#0 C:\xampp\htdocs\phonlamai\backend\webroot\index.php(111): Dispatcher->dispatch(Object(CakeRequest), Object(CakeResponse))
#1 {main}
2017-07-22 09:18:34 Error: [MissingControllerException] Controller class AssetsController could not be found.
Exception Attributes: array (
  'class' => 'AssetsController',
  'plugin' => NULL,
)
Request URL: /assets/plugins/bootstrap/css/bootstrap.min.css.map
Stack Trace:
#0 C:\xampp\htdocs\phonlamai\backend\webroot\index.php(111): Dispatcher->dispatch(Object(CakeRequest), Object(CakeResponse))
#1 {main}
2017-07-22 09:18:34 Error: [MissingControllerException] Controller class AssetsController could not be found.
Exception Attributes: array (
  'class' => 'AssetsController',
  'plugin' => NULL,
)
Request URL: /assets/plugins/bootstrap/css/bootstrap-theme.min.css.map
Stack Trace:
#0 C:\xampp\htdocs\phonlamai\backend\webroot\index.php(111): Dispatcher->dispatch(Object(CakeRequest), Object(CakeResponse))
#1 {main}
2017-07-22 09:18:52 Error: [MissingControllerException] Controller class Index-ecommerce.htmlController could not be found.
Exception Attributes: array (
  'class' => 'Index-ecommerce.htmlController',
  'plugin' => NULL,
)
Request URL: /index-ecommerce.html
Stack Trace:
#0 C:\xampp\htdocs\phonlamai\backend\webroot\index.php(111): Dispatcher->dispatch(Object(CakeRequest), Object(CakeResponse))
#1 {main}
2017-07-22 09:18:54 Error: [MissingControllerException] Controller class AssetsController could not be found.
Exception Attributes: array (
  'class' => 'AssetsController',
  'plugin' => NULL,
)
Request URL: /assets/plugins/bootstrap/css/bootstrap.min.css.map
Stack Trace:
#0 C:\xampp\htdocs\phonlamai\backend\webroot\index.php(111): Dispatcher->dispatch(Object(CakeRequest), Object(CakeResponse))
#1 {main}
2017-07-22 09:18:54 Error: [MissingControllerException] Controller class AssetsController could not be found.
Exception Attributes: array (
  'class' => 'AssetsController',
  'plugin' => NULL,
)
Request URL: /assets/plugins/bootstrap/css/bootstrap-theme.min.css.map
Stack Trace:
#0 C:\xampp\htdocs\phonlamai\backend\webroot\index.php(111): Dispatcher->dispatch(Object(CakeRequest), Object(CakeResponse))
#1 {main}
2017-07-22 09:20:17 Error: [MissingControllerException] Controller class AssetsController could not be found.
Exception Attributes: array (
  'class' => 'AssetsController',
  'plugin' => NULL,
)
Request URL: /assets/plugins/bootstrap/css/bootstrap.min.css.map
Stack Trace:
#0 C:\xampp\htdocs\phonlamai\backend\webroot\index.php(111): Dispatcher->dispatch(Object(CakeRequest), Object(CakeResponse))
#1 {main}
2017-07-22 09:20:17 Error: [MissingControllerException] Controller class AssetsController could not be found.
Exception Attributes: array (
  'class' => 'AssetsController',
  'plugin' => NULL,
)
Request URL: /assets/plugins/bootstrap/css/bootstrap-theme.min.css.map
Stack Trace:
#0 C:\xampp\htdocs\phonlamai\backend\webroot\index.php(111): Dispatcher->dispatch(Object(CakeRequest), Object(CakeResponse))
#1 {main}
2017-08-09 19:33:47 Error: [MissingControllerException] Controller class Eco-products.htmlController could not be found.
Exception Attributes: array (
  'class' => 'Eco-products.htmlController',
  'plugin' => NULL,
)
Request URL: /eco-products.html
Stack Trace:
#0 C:\xampp\htdocs\phonlamai\backend\webroot\index.php(111): Dispatcher->dispatch(Object(CakeRequest), Object(CakeResponse))
#1 {main}
2017-10-05 06:16:30 Error: [MissingControllerException] Controller class Eco-products.htmlController could not be found.
Exception Attributes: array (
  'class' => 'Eco-products.htmlController',
  'plugin' => NULL,
)
Request URL: /eco-products.html
Stack Trace:
#0 C:\xampp\htdocs\phonlamai\backend\webroot\index.php(111): Dispatcher->dispatch(Object(CakeRequest), Object(CakeResponse))
#1 {main}
2017-10-05 06:26:03 Error: [MissingControllerException] Controller class Ui-login.htmlController could not be found.
Exception Attributes: array (
  'class' => 'Ui-login.htmlController',
  'plugin' => NULL,
)
Request URL: /ui-login.html
Stack Trace:
#0 C:\xampp\htdocs\phonlamai\backend\webroot\index.php(111): Dispatcher->dispatch(Object(CakeRequest), Object(CakeResponse))
#1 {main}
2017-10-13 07:40:54 Error: [MissingTableException] Table users for model User was not found in datasource default.
Exception Attributes: array (
  'table' => 'users',
  'class' => 'User',
  'ds' => 'default',
)
Request URL: /login/authen
Stack Trace:
#0 C:\xampp\htdocs\phonlamai\lib\Cake\Model\Model.php(3667): Model->setSource('users')
#1 C:\xampp\htdocs\phonlamai\lib\Cake\Model\Model.php(3038): Model->getDataSource()
#2 C:\xampp\htdocs\phonlamai\lib\Cake\Model\Model.php(3010): Model->_readDataSource('all', Array)
#3 C:\xampp\htdocs\phonlamai\backend\Controller\LoginController.php(16): Model->find('all')
#4 [internal function]: LoginController->authen()
#5 C:\xampp\htdocs\phonlamai\lib\Cake\Controller\Controller.php(491): ReflectionMethod->invokeArgs(Object(LoginController), Array)
#6 C:\xampp\htdocs\phonlamai\lib\Cake\Routing\Dispatcher.php(193): Controller->invokeAction(Object(CakeRequest))
#7 C:\xampp\htdocs\phonlamai\lib\Cake\Routing\Dispatcher.php(167): Dispatcher->_invoke(Object(LoginController), Object(CakeRequest))
#8 C:\xampp\htdocs\phonlamai\backend\webroot\index.php(111): Dispatcher->dispatch(Object(CakeRequest), Object(CakeResponse))
#9 {main}
2017-10-13 07:43:02 Error: [MissingTableException] Table users for model User was not found in datasource default.
Exception Attributes: array (
  'table' => 'users',
  'class' => 'User',
  'ds' => 'default',
)
Request URL: /login/authen
Stack Trace:
#0 C:\xampp\htdocs\phonlamai\lib\Cake\Model\Model.php(3667): Model->setSource('users')
#1 C:\xampp\htdocs\phonlamai\lib\Cake\Model\Model.php(3038): Model->getDataSource()
#2 C:\xampp\htdocs\phonlamai\lib\Cake\Model\Model.php(3010): Model->_readDataSource('all', Array)
#3 C:\xampp\htdocs\phonlamai\backend\Controller\LoginController.php(16): Model->find('all')
#4 [internal function]: LoginController->authen()
#5 C:\xampp\htdocs\phonlamai\lib\Cake\Controller\Controller.php(491): ReflectionMethod->invokeArgs(Object(LoginController), Array)
#6 C:\xampp\htdocs\phonlamai\lib\Cake\Routing\Dispatcher.php(193): Controller->invokeAction(Object(CakeRequest))
#7 C:\xampp\htdocs\phonlamai\lib\Cake\Routing\Dispatcher.php(167): Dispatcher->_invoke(Object(LoginController), Object(CakeRequest))
#8 C:\xampp\htdocs\phonlamai\backend\webroot\index.php(111): Dispatcher->dispatch(Object(CakeRequest), Object(CakeResponse))
#9 {main}
2017-10-13 07:43:28 Error: [MissingTableException] Table users for model User was not found in datasource default.
Exception Attributes: array (
  'table' => 'users',
  'class' => 'User',
  'ds' => 'default',
)
Request URL: /login/authen
Stack Trace:
#0 C:\xampp\htdocs\phonlamai\lib\Cake\Model\Model.php(3667): Model->setSource('users')
#1 C:\xampp\htdocs\phonlamai\lib\Cake\Model\Model.php(3038): Model->getDataSource()
#2 C:\xampp\htdocs\phonlamai\lib\Cake\Model\Model.php(3010): Model->_readDataSource('all', Array)
#3 C:\xampp\htdocs\phonlamai\backend\Controller\LoginController.php(16): Model->find('all')
#4 [internal function]: LoginController->authen()
#5 C:\xampp\htdocs\phonlamai\lib\Cake\Controller\Controller.php(491): ReflectionMethod->invokeArgs(Object(LoginController), Array)
#6 C:\xampp\htdocs\phonlamai\lib\Cake\Routing\Dispatcher.php(193): Controller->invokeAction(Object(CakeRequest))
#7 C:\xampp\htdocs\phonlamai\lib\Cake\Routing\Dispatcher.php(167): Dispatcher->_invoke(Object(LoginController), Object(CakeRequest))
#8 C:\xampp\htdocs\phonlamai\backend\webroot\index.php(111): Dispatcher->dispatch(Object(CakeRequest), Object(CakeResponse))
#9 {main}
2017-10-13 08:47:37 Error: [MissingControllerException] Controller class Index-ecommerce.htmlController could not be found.
Exception Attributes: array (
  'class' => 'Index-ecommerce.htmlController',
  'plugin' => NULL,
)
Request URL: /index-ecommerce.html
Stack Trace:
#0 C:\xampp\htdocs\phonlamai\backend\webroot\index.php(111): Dispatcher->dispatch(Object(CakeRequest), Object(CakeResponse))
#1 {main}
2017-10-13 08:47:37 Error: [MissingControllerException] Controller class Index-ecommerce.htmlController could not be found.
Exception Attributes: array (
  'class' => 'Index-ecommerce.htmlController',
  'plugin' => NULL,
)
Request URL: /index-ecommerce.html
Stack Trace:
#0 C:\xampp\htdocs\phonlamai\backend\webroot\index.php(111): Dispatcher->dispatch(Object(CakeRequest), Object(CakeResponse))
#1 {main}
2017-10-13 08:47:39 Error: [MissingControllerException] Controller class Index-ecommerce.htmlController could not be found.
Exception Attributes: array (
  'class' => 'Index-ecommerce.htmlController',
  'plugin' => NULL,
)
Request URL: /index-ecommerce.html
Stack Trace:
#0 C:\xampp\htdocs\phonlamai\backend\webroot\index.php(111): Dispatcher->dispatch(Object(CakeRequest), Object(CakeResponse))
#1 {main}
2017-10-13 08:47:41 Error: [MissingControllerException] Controller class Index-ecommerce.htmlController could not be found.
Exception Attributes: array (
  'class' => 'Index-ecommerce.htmlController',
  'plugin' => NULL,
)
Request URL: /index-ecommerce.html
Stack Trace:
#0 C:\xampp\htdocs\phonlamai\backend\webroot\index.php(111): Dispatcher->dispatch(Object(CakeRequest), Object(CakeResponse))
#1 {main}
2017-10-13 08:48:17 Error: [MissingControllerException] Controller class Ui-login.htmlController could not be found.
Exception Attributes: array (
  'class' => 'Ui-login.htmlController',
  'plugin' => NULL,
)
Request URL: /ui-login.html
Stack Trace:
#0 C:\xampp\htdocs\phonlamai\backend\webroot\index.php(111): Dispatcher->dispatch(Object(CakeRequest), Object(CakeResponse))
#1 {main}
2017-10-13 09:19:53 Error: [MissingControllerException] Controller class Index-ecommerce.htmlController could not be found.
Exception Attributes: array (
  'class' => 'Index-ecommerce.htmlController',
  'plugin' => NULL,
)
Request URL: /index-ecommerce.html
Stack Trace:
#0 C:\xampp\htdocs\phonlamai\backend\webroot\index.php(111): Dispatcher->dispatch(Object(CakeRequest), Object(CakeResponse))
#1 {main}
2017-10-13 09:19:56 Error: [MissingControllerException] Controller class MerchantsController could not be found.
Exception Attributes: array (
  'class' => 'MerchantsController',
  'plugin' => NULL,
)
Request URL: /merchants
Stack Trace:
#0 C:\xampp\htdocs\phonlamai\backend\webroot\index.php(111): Dispatcher->dispatch(Object(CakeRequest), Object(CakeResponse))
#1 {main}
2017-10-13 09:23:43 Error: [MissingViewException] View file "Merchants\index.ctp" is missing.
Exception Attributes: array (
  'file' => 'Merchants\\index.ctp',
)
Request URL: /merchants
Stack Trace:
#0 C:\xampp\htdocs\phonlamai\lib\Cake\View\View.php(470): View->_getViewFileName(NULL)
#1 C:\xampp\htdocs\phonlamai\lib\Cake\Controller\Controller.php(963): View->render(NULL, NULL)
#2 C:\xampp\htdocs\phonlamai\lib\Cake\Routing\Dispatcher.php(200): Controller->render()
#3 C:\xampp\htdocs\phonlamai\lib\Cake\Routing\Dispatcher.php(167): Dispatcher->_invoke(Object(MerchantsController), Object(CakeRequest))
#4 C:\xampp\htdocs\phonlamai\backend\webroot\index.php(111): Dispatcher->dispatch(Object(CakeRequest), Object(CakeResponse))
#5 {main}
2017-10-13 09:23:46 Error: [MissingViewException] View file "Merchants\index.ctp" is missing.
Exception Attributes: array (
  'file' => 'Merchants\\index.ctp',
)
Request URL: /merchants
Stack Trace:
#0 C:\xampp\htdocs\phonlamai\lib\Cake\View\View.php(470): View->_getViewFileName(NULL)
#1 C:\xampp\htdocs\phonlamai\lib\Cake\Controller\Controller.php(963): View->render(NULL, NULL)
#2 C:\xampp\htdocs\phonlamai\lib\Cake\Routing\Dispatcher.php(200): Controller->render()
#3 C:\xampp\htdocs\phonlamai\lib\Cake\Routing\Dispatcher.php(167): Dispatcher->_invoke(Object(MerchantsController), Object(CakeRequest))
#4 C:\xampp\htdocs\phonlamai\backend\webroot\index.php(111): Dispatcher->dispatch(Object(CakeRequest), Object(CakeResponse))
#5 {main}
2017-10-13 09:23:48 Error: [MissingViewException] View file "Merchants\index.ctp" is missing.
Exception Attributes: array (
  'file' => 'Merchants\\index.ctp',
)
Request URL: /merchants
Stack Trace:
#0 C:\xampp\htdocs\phonlamai\lib\Cake\View\View.php(470): View->_getViewFileName(NULL)
#1 C:\xampp\htdocs\phonlamai\lib\Cake\Controller\Controller.php(963): View->render(NULL, NULL)
#2 C:\xampp\htdocs\phonlamai\lib\Cake\Routing\Dispatcher.php(200): Controller->render()
#3 C:\xampp\htdocs\phonlamai\lib\Cake\Routing\Dispatcher.php(167): Dispatcher->_invoke(Object(MerchantsController), Object(CakeRequest))
#4 C:\xampp\htdocs\phonlamai\backend\webroot\index.php(111): Dispatcher->dispatch(Object(CakeRequest), Object(CakeResponse))
#5 {main}
2017-10-13 09:41:23 Error: Fatal Error (1): Call to a member function find() on null in [C:\xampp\htdocs\phonlamai\backend\Controller\MerchantsController.php, line 15]
2017-10-13 09:41:23 Error: [FatalErrorException] Call to a member function find() on null
Request URL: /merchants
Stack Trace:
#0 C:\xampp\htdocs\phonlamai\lib\Cake\Error\ErrorHandler.php(212): ErrorHandler::handleFatalError(1, 'Call to a membe...', 'C:\\xampp\\htdocs...', 15)
#1 [internal function]: ErrorHandler::handleError(1, 'Call to a membe...', 'C:\\xampp\\htdocs...', 15, Array)
#2 C:\xampp\htdocs\phonlamai\lib\Cake\Core\App.php(970): call_user_func('ErrorHandler::h...', 1, 'Call to a membe...', 'C:\\xampp\\htdocs...', 15, Array)
#3 C:\xampp\htdocs\phonlamai\lib\Cake\Core\App.php(943): App::_checkFatalError()
#4 [internal function]: App::shutdown()
#5 {main}
2017-10-13 09:41:24 Error: Fatal Error (1): Call to a member function find() on null in [C:\xampp\htdocs\phonlamai\backend\Controller\MerchantsController.php, line 15]
2017-10-13 09:41:24 Error: [FatalErrorException] Call to a member function find() on null
Request URL: /merchants
Stack Trace:
#0 C:\xampp\htdocs\phonlamai\lib\Cake\Error\ErrorHandler.php(212): ErrorHandler::handleFatalError(1, 'Call to a membe...', 'C:\\xampp\\htdocs...', 15)
#1 [internal function]: ErrorHandler::handleError(1, 'Call to a membe...', 'C:\\xampp\\htdocs...', 15, Array)
#2 C:\xampp\htdocs\phonlamai\lib\Cake\Core\App.php(970): call_user_func('ErrorHandler::h...', 1, 'Call to a membe...', 'C:\\xampp\\htdocs...', 15, Array)
#3 C:\xampp\htdocs\phonlamai\lib\Cake\Core\App.php(943): App::_checkFatalError()
#4 [internal function]: App::shutdown()
#5 {main}
2017-10-13 09:42:43 Error: Fatal Error (4): syntax error, unexpected end of file in [C:\xampp\htdocs\phonlamai\backend\View\Merchants\index.ctp, line 4]
2017-10-13 09:42:43 Error: [FatalErrorException] syntax error, unexpected end of file
Request URL: /merchants
Stack Trace:
#0 C:\xampp\htdocs\phonlamai\lib\Cake\Error\ErrorHandler.php(212): ErrorHandler::handleFatalError(4, 'syntax error, u...', 'C:\\xampp\\htdocs...', 4)
#1 [internal function]: ErrorHandler::handleError(4, 'syntax error, u...', 'C:\\xampp\\htdocs...', 4, Array)
#2 C:\xampp\htdocs\phonlamai\lib\Cake\Core\App.php(970): call_user_func('ErrorHandler::h...', 4, 'syntax error, u...', 'C:\\xampp\\htdocs...', 4, Array)
#3 C:\xampp\htdocs\phonlamai\lib\Cake\Core\App.php(943): App::_checkFatalError()
#4 [internal function]: App::shutdown()
#5 {main}
2017-10-13 09:42:44 Error: Fatal Error (4): syntax error, unexpected end of file in [C:\xampp\htdocs\phonlamai\backend\View\Merchants\index.ctp, line 4]
2017-10-13 09:42:44 Error: [FatalErrorException] syntax error, unexpected end of file
Request URL: /merchants
Stack Trace:
#0 C:\xampp\htdocs\phonlamai\lib\Cake\Error\ErrorHandler.php(212): ErrorHandler::handleFatalError(4, 'syntax error, u...', 'C:\\xampp\\htdocs...', 4)
#1 [internal function]: ErrorHandler::handleError(4, 'syntax error, u...', 'C:\\xampp\\htdocs...', 4, Array)
#2 C:\xampp\htdocs\phonlamai\lib\Cake\Core\App.php(970): call_user_func('ErrorHandler::h...', 4, 'syntax error, u...', 'C:\\xampp\\htdocs...', 4, Array)
#3 C:\xampp\htdocs\phonlamai\lib\Cake\Core\App.php(943): App::_checkFatalError()
#4 [internal function]: App::shutdown()
#5 {main}
2017-10-13 10:54:36 Error: [MissingActionException] Action MerchantsController::view() could not be found.
Exception Attributes: array (
  'controller' => 'MerchantsController',
  'action' => 'view',
)
Request URL: /merchants/view/1
Stack Trace:
#0 C:\xampp\htdocs\phonlamai\lib\Cake\Routing\Dispatcher.php(193): Controller->invokeAction(Object(CakeRequest))
#1 C:\xampp\htdocs\phonlamai\lib\Cake\Routing\Dispatcher.php(167): Dispatcher->_invoke(Object(MerchantsController), Object(CakeRequest))
#2 C:\xampp\htdocs\phonlamai\backend\webroot\index.php(111): Dispatcher->dispatch(Object(CakeRequest), Object(CakeResponse))
#3 {main}
2017-10-13 11:00:08 Error: [MissingActionException] Action MerchantsController::view() could not be found.
Exception Attributes: array (
  'controller' => 'MerchantsController',
  'action' => 'view',
)
Request URL: /merchants/view/1
Stack Trace:
#0 C:\xampp\htdocs\phonlamai\lib\Cake\Routing\Dispatcher.php(193): Controller->invokeAction(Object(CakeRequest))
#1 C:\xampp\htdocs\phonlamai\lib\Cake\Routing\Dispatcher.php(167): Dispatcher->_invoke(Object(MerchantsController), Object(CakeRequest))
#2 C:\xampp\htdocs\phonlamai\backend\webroot\index.php(111): Dispatcher->dispatch(Object(CakeRequest), Object(CakeResponse))
#3 {main}
2017-10-13 11:00:11 Error: [MissingActionException] Action MerchantsController::view() could not be found.
Exception Attributes: array (
  'controller' => 'MerchantsController',
  'action' => 'view',
)
Request URL: /merchants/view/merchants
Stack Trace:
#0 C:\xampp\htdocs\phonlamai\lib\Cake\Routing\Dispatcher.php(193): Controller->invokeAction(Object(CakeRequest))
#1 C:\xampp\htdocs\phonlamai\lib\Cake\Routing\Dispatcher.php(167): Dispatcher->_invoke(Object(MerchantsController), Object(CakeRequest))
#2 C:\xampp\htdocs\phonlamai\backend\webroot\index.php(111): Dispatcher->dispatch(Object(CakeRequest), Object(CakeResponse))
#3 {main}
2017-10-13 11:00:13 Error: [MissingActionException] Action MerchantsController::view() could not be found.
Exception Attributes: array (
  'controller' => 'MerchantsController',
  'action' => 'view',
)
Request URL: /merchants/view/merchants
Stack Trace:
#0 C:\xampp\htdocs\phonlamai\lib\Cake\Routing\Dispatcher.php(193): Controller->invokeAction(Object(CakeRequest))
#1 C:\xampp\htdocs\phonlamai\lib\Cake\Routing\Dispatcher.php(167): Dispatcher->_invoke(Object(MerchantsController), Object(CakeRequest))
#2 C:\xampp\htdocs\phonlamai\backend\webroot\index.php(111): Dispatcher->dispatch(Object(CakeRequest), Object(CakeResponse))
#3 {main}
2017-10-13 11:00:14 Error: [MissingActionException] Action MerchantsController::view() could not be found.
Exception Attributes: array (
  'controller' => 'MerchantsController',
  'action' => 'view',
)
Request URL: /merchants/view/merchants
Stack Trace:
#0 C:\xampp\htdocs\phonlamai\lib\Cake\Routing\Dispatcher.php(193): Controller->invokeAction(Object(CakeRequest))
#1 C:\xampp\htdocs\phonlamai\lib\Cake\Routing\Dispatcher.php(167): Dispatcher->_invoke(Object(MerchantsController), Object(CakeRequest))
#2 C:\xampp\htdocs\phonlamai\backend\webroot\index.php(111): Dispatcher->dispatch(Object(CakeRequest), Object(CakeResponse))
#3 {main}
2017-10-13 11:00:15 Error: [MissingActionException] Action MerchantsController::view() could not be found.
Exception Attributes: array (
  'controller' => 'MerchantsController',
  'action' => 'view',
)
Request URL: /merchants/view/merchants
Stack Trace:
#0 C:\xampp\htdocs\phonlamai\lib\Cake\Routing\Dispatcher.php(193): Controller->invokeAction(Object(CakeRequest))
#1 C:\xampp\htdocs\phonlamai\lib\Cake\Routing\Dispatcher.php(167): Dispatcher->_invoke(Object(MerchantsController), Object(CakeRequest))
#2 C:\xampp\htdocs\phonlamai\backend\webroot\index.php(111): Dispatcher->dispatch(Object(CakeRequest), Object(CakeResponse))
#3 {main}
2017-10-13 11:00:15 Error: [MissingActionException] Action MerchantsController::view() could not be found.
Exception Attributes: array (
  'controller' => 'MerchantsController',
  'action' => 'view',
)
Request URL: /merchants/view/merchants
Stack Trace:
#0 C:\xampp\htdocs\phonlamai\lib\Cake\Routing\Dispatcher.php(193): Controller->invokeAction(Object(CakeRequest))
#1 C:\xampp\htdocs\phonlamai\lib\Cake\Routing\Dispatcher.php(167): Dispatcher->_invoke(Object(MerchantsController), Object(CakeRequest))
#2 C:\xampp\htdocs\phonlamai\backend\webroot\index.php(111): Dispatcher->dispatch(Object(CakeRequest), Object(CakeResponse))
#3 {main}
2017-10-13 11:00:16 Error: [MissingActionException] Action MerchantsController::view() could not be found.
Exception Attributes: array (
  'controller' => 'MerchantsController',
  'action' => 'view',
)
Request URL: /merchants/view/merchants
Stack Trace:
#0 C:\xampp\htdocs\phonlamai\lib\Cake\Routing\Dispatcher.php(193): Controller->invokeAction(Object(CakeRequest))
#1 C:\xampp\htdocs\phonlamai\lib\Cake\Routing\Dispatcher.php(167): Dispatcher->_invoke(Object(MerchantsController), Object(CakeRequest))
#2 C:\xampp\htdocs\phonlamai\backend\webroot\index.php(111): Dispatcher->dispatch(Object(CakeRequest), Object(CakeResponse))
#3 {main}
2017-10-13 11:46:35 Error: [MissingActionException] Action MerchantsController::approve() could not be found.
Exception Attributes: array (
  'controller' => 'MerchantsController',
  'action' => 'approve',
)
Request URL: /merchants/approve
Stack Trace:
#0 C:\xampp\htdocs\phonlamai\lib\Cake\Routing\Dispatcher.php(193): Controller->invokeAction(Object(CakeRequest))
#1 C:\xampp\htdocs\phonlamai\lib\Cake\Routing\Dispatcher.php(167): Dispatcher->_invoke(Object(MerchantsController), Object(CakeRequest))
#2 C:\xampp\htdocs\phonlamai\backend\webroot\index.php(111): Dispatcher->dispatch(Object(CakeRequest), Object(CakeResponse))
#3 {main}
2017-10-15 03:02:17 Error: [MissingControllerException] Controller class AssetsController could not be found.
Exception Attributes: array (
  'class' => 'AssetsController',
  'plugin' => NULL,
)
Request URL: /assets/plugins/bootstrap/css/bootstrap-theme.min.css.map
Stack Trace:
#0 C:\xampp\htdocs\phonlamai\backend\webroot\index.php(111): Dispatcher->dispatch(Object(CakeRequest), Object(CakeResponse))
#1 {main}
2017-10-15 03:02:17 Error: [MissingControllerException] Controller class AssetsController could not be found.
Exception Attributes: array (
  'class' => 'AssetsController',
  'plugin' => NULL,
)
Request URL: /assets/plugins/bootstrap/css/bootstrap.min.css.map
Stack Trace:
#0 C:\xampp\htdocs\phonlamai\backend\webroot\index.php(111): Dispatcher->dispatch(Object(CakeRequest), Object(CakeResponse))
#1 {main}
2017-10-15 03:03:46 Error: [MissingControllerException] Controller class Eco-products.htmlController could not be found.
Exception Attributes: array (
  'class' => 'Eco-products.htmlController',
  'plugin' => NULL,
)
Request URL: /eco-products.html
Stack Trace:
#0 C:\xampp\htdocs\phonlamai\backend\webroot\index.php(111): Dispatcher->dispatch(Object(CakeRequest), Object(CakeResponse))
#1 {main}
2017-10-18 07:02:01 Error: [MissingControllerException] Controller class Ui-profile.htmlController could not be found.
Exception Attributes: array (
  'class' => 'Ui-profile.htmlController',
  'plugin' => NULL,
)
Request URL: /ui-profile.html
Stack Trace:
#0 C:\xampp\htdocs\phonlamai\backend\webroot\index.php(111): Dispatcher->dispatch(Object(CakeRequest), Object(CakeResponse))
#1 {main}
2017-10-18 07:05:03 Error: [MissingControllerException] Controller class Index-ecommerce.htmlController could not be found.
Exception Attributes: array (
  'class' => 'Index-ecommerce.htmlController',
  'plugin' => NULL,
)
Request URL: /index-ecommerce.html
Stack Trace:
#0 C:\xampp\htdocs\phonlamai\backend\webroot\index.php(111): Dispatcher->dispatch(Object(CakeRequest), Object(CakeResponse))
#1 {main}
2017-10-18 07:05:04 Error: [MissingControllerException] Controller class Index-ecommerce.htmlController could not be found.
Exception Attributes: array (
  'class' => 'Index-ecommerce.htmlController',
  'plugin' => NULL,
)
Request URL: /index-ecommerce.html
Stack Trace:
#0 C:\xampp\htdocs\phonlamai\backend\webroot\index.php(111): Dispatcher->dispatch(Object(CakeRequest), Object(CakeResponse))
#1 {main}
