2017-12-19 11:29:34 Error: [MissingConnectionException] Database connection "Mysql" is missing, or could not be created.
Exception Attributes: array (
  'class' => 'Mysql',
  'message' => 'SQLSTATE[HY000] [2002] No such file or directory',
  'enabled' => true,
)
Request URL: /merchants/register
Stack Trace:
#0 /Applications/XAMPP/xamppfiles/htdocs/phonlamai/lib/Cake/Model/Datasource/DboSource.php(269): Mysql->connect()
#1 /Applications/XAMPP/xamppfiles/htdocs/phonlamai/lib/Cake/Model/ConnectionManager.php(105): DboSource->__construct(Array)
#2 /Applications/XAMPP/xamppfiles/htdocs/phonlamai/lib/Cake/Model/Model.php(3640): ConnectionManager::getDataSource('default')
#3 /Applications/XAMPP/xamppfiles/htdocs/phonlamai/lib/Cake/Model/Model.php(1162): Model->setDataSource('default')
#4 /Applications/XAMPP/xamppfiles/htdocs/phonlamai/lib/Cake/Model/Model.php(3667): Model->setSource('provinces')
#5 /Applications/XAMPP/xamppfiles/htdocs/phonlamai/lib/Cake/Model/Model.php(3038): Model->getDataSource()
#6 /Applications/XAMPP/xamppfiles/htdocs/phonlamai/lib/Cake/Model/Model.php(3010): Model->_readDataSource('all', Array)
#7 /Applications/XAMPP/xamppfiles/htdocs/phonlamai/frond/Controller/MerchantsController.php(9): Model->find('all')
#8 [internal function]: MerchantsController->register()
#9 /Applications/XAMPP/xamppfiles/htdocs/phonlamai/lib/Cake/Controller/Controller.php(491): ReflectionMethod->invokeArgs(Object(MerchantsController), Array)
#10 /Applications/XAMPP/xamppfiles/htdocs/phonlamai/lib/Cake/Routing/Dispatcher.php(193): Controller->invokeAction(Object(CakeRequest))
#11 /Applications/XAMPP/xamppfiles/htdocs/phonlamai/lib/Cake/Routing/Dispatcher.php(167): Dispatcher->_invoke(Object(MerchantsController), Object(CakeRequest))
#12 /Applications/XAMPP/xamppfiles/htdocs/phonlamai/frond/webroot/index.php(111): Dispatcher->dispatch(Object(CakeRequest), Object(CakeResponse))
#13 {main}
2017-12-19 11:29:34 Error: [MissingActionException] Action MerchantsController::img() could not be found.
Exception Attributes: array (
  'controller' => 'MerchantsController',
  'action' => 'img',
)
Request URL: /merchants/img/logo.png
Stack Trace:
#0 /Applications/XAMPP/xamppfiles/htdocs/phonlamai/lib/Cake/Routing/Dispatcher.php(193): Controller->invokeAction(Object(CakeRequest))
#1 /Applications/XAMPP/xamppfiles/htdocs/phonlamai/lib/Cake/Routing/Dispatcher.php(167): Dispatcher->_invoke(Object(MerchantsController), Object(CakeRequest))
#2 /Applications/XAMPP/xamppfiles/htdocs/phonlamai/frond/webroot/index.php(111): Dispatcher->dispatch(Object(CakeRequest), Object(CakeResponse))
#3 {main}
2017-12-19 11:29:34 Error: [MissingActionException] Action MerchantsController::img() could not be found.
Exception Attributes: array (
  'controller' => 'MerchantsController',
  'action' => 'img',
)
Request URL: /merchants/img/products/yf.png
Stack Trace:
#0 /Applications/XAMPP/xamppfiles/htdocs/phonlamai/lib/Cake/Routing/Dispatcher.php(193): Controller->invokeAction(Object(CakeRequest))
#1 /Applications/XAMPP/xamppfiles/htdocs/phonlamai/lib/Cake/Routing/Dispatcher.php(167): Dispatcher->_invoke(Object(MerchantsController), Object(CakeRequest))
#2 /Applications/XAMPP/xamppfiles/htdocs/phonlamai/frond/webroot/index.php(111): Dispatcher->dispatch(Object(CakeRequest), Object(CakeResponse))
#3 {main}
2017-12-19 11:29:34 Error: [MissingActionException] Action MerchantsController::img() could not be found.
Exception Attributes: array (
  'controller' => 'MerchantsController',
  'action' => 'img',
)
Request URL: /merchants/img/products/men_03.jpg
Stack Trace:
#0 /Applications/XAMPP/xamppfiles/htdocs/phonlamai/lib/Cake/Routing/Dispatcher.php(193): Controller->invokeAction(Object(CakeRequest))
#1 /Applications/XAMPP/xamppfiles/htdocs/phonlamai/lib/Cake/Routing/Dispatcher.php(167): Dispatcher->_invoke(Object(MerchantsController), Object(CakeRequest))
#2 /Applications/XAMPP/xamppfiles/htdocs/phonlamai/frond/webroot/index.php(111): Dispatcher->dispatch(Object(CakeRequest), Object(CakeResponse))
#3 {main}
2017-12-19 11:29:34 Error: [MissingActionException] Action MerchantsController::img() could not be found.
Exception Attributes: array (
  'controller' => 'MerchantsController',
  'action' => 'img',
)
Request URL: /merchants/img/products/men_01.jpg
Stack Trace:
#0 /Applications/XAMPP/xamppfiles/htdocs/phonlamai/lib/Cake/Routing/Dispatcher.php(193): Controller->invokeAction(Object(CakeRequest))
#1 /Applications/XAMPP/xamppfiles/htdocs/phonlamai/lib/Cake/Routing/Dispatcher.php(167): Dispatcher->_invoke(Object(MerchantsController), Object(CakeRequest))
#2 /Applications/XAMPP/xamppfiles/htdocs/phonlamai/frond/webroot/index.php(111): Dispatcher->dispatch(Object(CakeRequest), Object(CakeResponse))
#3 {main}
2017-12-19 11:29:34 Error: [MissingActionException] Action MerchantsController::img() could not be found.
Exception Attributes: array (
  'controller' => 'MerchantsController',
  'action' => 'img',
)
Request URL: /merchants/img/products/men_04.jpg
Stack Trace:
#0 /Applications/XAMPP/xamppfiles/htdocs/phonlamai/lib/Cake/Routing/Dispatcher.php(193): Controller->invokeAction(Object(CakeRequest))
#1 /Applications/XAMPP/xamppfiles/htdocs/phonlamai/lib/Cake/Routing/Dispatcher.php(167): Dispatcher->_invoke(Object(MerchantsController), Object(CakeRequest))
#2 /Applications/XAMPP/xamppfiles/htdocs/phonlamai/frond/webroot/index.php(111): Dispatcher->dispatch(Object(CakeRequest), Object(CakeResponse))
#3 {main}
2017-12-19 11:29:34 Error: [MissingActionException] Action MerchantsController::img() could not be found.
Exception Attributes: array (
  'controller' => 'MerchantsController',
  'action' => 'img',
)
Request URL: /merchants/img/products/mango_pro.png
Stack Trace:
#0 /Applications/XAMPP/xamppfiles/htdocs/phonlamai/lib/Cake/Routing/Dispatcher.php(193): Controller->invokeAction(Object(CakeRequest))
#1 /Applications/XAMPP/xamppfiles/htdocs/phonlamai/lib/Cake/Routing/Dispatcher.php(167): Dispatcher->_invoke(Object(MerchantsController), Object(CakeRequest))
#2 /Applications/XAMPP/xamppfiles/htdocs/phonlamai/frond/webroot/index.php(111): Dispatcher->dispatch(Object(CakeRequest), Object(CakeResponse))
#3 {main}
2017-12-19 11:29:34 Error: [MissingActionException] Action MerchantsController::img() could not be found.
Exception Attributes: array (
  'controller' => 'MerchantsController',
  'action' => 'img',
)
Request URL: /merchants/img/products/men_05.jpg
Stack Trace:
#0 /Applications/XAMPP/xamppfiles/htdocs/phonlamai/lib/Cake/Routing/Dispatcher.php(193): Controller->invokeAction(Object(CakeRequest))
#1 /Applications/XAMPP/xamppfiles/htdocs/phonlamai/lib/Cake/Routing/Dispatcher.php(167): Dispatcher->_invoke(Object(MerchantsController), Object(CakeRequest))
#2 /Applications/XAMPP/xamppfiles/htdocs/phonlamai/frond/webroot/index.php(111): Dispatcher->dispatch(Object(CakeRequest), Object(CakeResponse))
#3 {main}
2017-12-19 11:29:34 Error: [MissingActionException] Action MerchantsController::img() could not be found.
Exception Attributes: array (
  'controller' => 'MerchantsController',
  'action' => 'img',
)
Request URL: /merchants/img/products/men_06.jpg
Stack Trace:
#0 /Applications/XAMPP/xamppfiles/htdocs/phonlamai/lib/Cake/Routing/Dispatcher.php(193): Controller->invokeAction(Object(CakeRequest))
#1 /Applications/XAMPP/xamppfiles/htdocs/phonlamai/lib/Cake/Routing/Dispatcher.php(167): Dispatcher->_invoke(Object(MerchantsController), Object(CakeRequest))
#2 /Applications/XAMPP/xamppfiles/htdocs/phonlamai/frond/webroot/index.php(111): Dispatcher->dispatch(Object(CakeRequest), Object(CakeResponse))
#3 {main}
2017-12-19 11:29:34 Error: [MissingActionException] Action MerchantsController::img() could not be found.
Exception Attributes: array (
  'controller' => 'MerchantsController',
  'action' => 'img',
)
Request URL: /merchants/img/products/men_02.jpg
Stack Trace:
#0 /Applications/XAMPP/xamppfiles/htdocs/phonlamai/lib/Cake/Routing/Dispatcher.php(193): Controller->invokeAction(Object(CakeRequest))
#1 /Applications/XAMPP/xamppfiles/htdocs/phonlamai/lib/Cake/Routing/Dispatcher.php(167): Dispatcher->_invoke(Object(MerchantsController), Object(CakeRequest))
#2 /Applications/XAMPP/xamppfiles/htdocs/phonlamai/frond/webroot/index.php(111): Dispatcher->dispatch(Object(CakeRequest), Object(CakeResponse))
#3 {main}
2017-12-19 11:30:57 Error: [PDOException] SQLSTATE[42S22]: Column not found: 1054 Unknown column 'Province.amphur_name' in 'field list'
Request URL: /merchants/register
Stack Trace:
#0 /Applications/XAMPP/xamppfiles/htdocs/phonlamai/lib/Cake/Model/Datasource/DboSource.php(470): PDOStatement->execute(Array)
#1 /Applications/XAMPP/xamppfiles/htdocs/phonlamai/lib/Cake/Model/Datasource/DboSource.php(436): DboSource->_execute('SELECT `Provinc...', Array)
#2 /Applications/XAMPP/xamppfiles/htdocs/phonlamai/lib/Cake/Model/Datasource/DboSource.php(673): DboSource->execute('SELECT `Provinc...', Array, Array)
#3 /Applications/XAMPP/xamppfiles/htdocs/phonlamai/lib/Cake/Model/Datasource/DboSource.php(1184): DboSource->fetchAll('SELECT `Provinc...', false)
#4 /Applications/XAMPP/xamppfiles/htdocs/phonlamai/lib/Cake/Model/Model.php(3038): DboSource->read(Object(Province), Array)
#5 /Applications/XAMPP/xamppfiles/htdocs/phonlamai/lib/Cake/Model/Model.php(3010): Model->_readDataSource('list', Array)
#6 /Applications/XAMPP/xamppfiles/htdocs/phonlamai/frond/Controller/MerchantsController.php(9): Model->find('list', Array)
#7 [internal function]: MerchantsController->register()
#8 /Applications/XAMPP/xamppfiles/htdocs/phonlamai/lib/Cake/Controller/Controller.php(491): ReflectionMethod->invokeArgs(Object(MerchantsController), Array)
#9 /Applications/XAMPP/xamppfiles/htdocs/phonlamai/lib/Cake/Routing/Dispatcher.php(193): Controller->invokeAction(Object(CakeRequest))
#10 /Applications/XAMPP/xamppfiles/htdocs/phonlamai/lib/Cake/Routing/Dispatcher.php(167): Dispatcher->_invoke(Object(MerchantsController), Object(CakeRequest))
#11 /Applications/XAMPP/xamppfiles/htdocs/phonlamai/frond/webroot/index.php(111): Dispatcher->dispatch(Object(CakeRequest), Object(CakeResponse))
#12 {main}
2017-12-19 11:30:57 Error: [MissingActionException] Action MerchantsController::img() could not be found.
Exception Attributes: array (
  'controller' => 'MerchantsController',
  'action' => 'img',
)
Request URL: /merchants/img/logo.png
Stack Trace:
#0 /Applications/XAMPP/xamppfiles/htdocs/phonlamai/lib/Cake/Routing/Dispatcher.php(193): Controller->invokeAction(Object(CakeRequest))
#1 /Applications/XAMPP/xamppfiles/htdocs/phonlamai/lib/Cake/Routing/Dispatcher.php(167): Dispatcher->_invoke(Object(MerchantsController), Object(CakeRequest))
#2 /Applications/XAMPP/xamppfiles/htdocs/phonlamai/frond/webroot/index.php(111): Dispatcher->dispatch(Object(CakeRequest), Object(CakeResponse))
#3 {main}
2017-12-19 11:30:57 Error: [MissingActionException] Action MerchantsController::img() could not be found.
Exception Attributes: array (
  'controller' => 'MerchantsController',
  'action' => 'img',
)
Request URL: /merchants/img/products/mango_pro.png
Stack Trace:
#0 /Applications/XAMPP/xamppfiles/htdocs/phonlamai/lib/Cake/Routing/Dispatcher.php(193): Controller->invokeAction(Object(CakeRequest))
#1 /Applications/XAMPP/xamppfiles/htdocs/phonlamai/lib/Cake/Routing/Dispatcher.php(167): Dispatcher->_invoke(Object(MerchantsController), Object(CakeRequest))
#2 /Applications/XAMPP/xamppfiles/htdocs/phonlamai/frond/webroot/index.php(111): Dispatcher->dispatch(Object(CakeRequest), Object(CakeResponse))
#3 {main}
2017-12-19 11:30:57 Error: [MissingActionException] Action MerchantsController::img() could not be found.
Exception Attributes: array (
  'controller' => 'MerchantsController',
  'action' => 'img',
)
Request URL: /merchants/img/products/men_01.jpg
Stack Trace:
#0 /Applications/XAMPP/xamppfiles/htdocs/phonlamai/lib/Cake/Routing/Dispatcher.php(193): Controller->invokeAction(Object(CakeRequest))
#1 /Applications/XAMPP/xamppfiles/htdocs/phonlamai/lib/Cake/Routing/Dispatcher.php(167): Dispatcher->_invoke(Object(MerchantsController), Object(CakeRequest))
#2 /Applications/XAMPP/xamppfiles/htdocs/phonlamai/frond/webroot/index.php(111): Dispatcher->dispatch(Object(CakeRequest), Object(CakeResponse))
#3 {main}
2017-12-19 11:30:57 Error: [MissingActionException] Action MerchantsController::img() could not be found.
Exception Attributes: array (
  'controller' => 'MerchantsController',
  'action' => 'img',
)
Request URL: /merchants/img/products/men_03.jpg
Stack Trace:
#0 /Applications/XAMPP/xamppfiles/htdocs/phonlamai/lib/Cake/Routing/Dispatcher.php(193): Controller->invokeAction(Object(CakeRequest))
#1 /Applications/XAMPP/xamppfiles/htdocs/phonlamai/lib/Cake/Routing/Dispatcher.php(167): Dispatcher->_invoke(Object(MerchantsController), Object(CakeRequest))
#2 /Applications/XAMPP/xamppfiles/htdocs/phonlamai/frond/webroot/index.php(111): Dispatcher->dispatch(Object(CakeRequest), Object(CakeResponse))
#3 {main}
2017-12-19 11:30:57 Error: [MissingActionException] Action MerchantsController::img() could not be found.
Exception Attributes: array (
  'controller' => 'MerchantsController',
  'action' => 'img',
)
Request URL: /merchants/img/products/yf.png
Stack Trace:
#0 /Applications/XAMPP/xamppfiles/htdocs/phonlamai/lib/Cake/Routing/Dispatcher.php(193): Controller->invokeAction(Object(CakeRequest))
#1 /Applications/XAMPP/xamppfiles/htdocs/phonlamai/lib/Cake/Routing/Dispatcher.php(167): Dispatcher->_invoke(Object(MerchantsController), Object(CakeRequest))
#2 /Applications/XAMPP/xamppfiles/htdocs/phonlamai/frond/webroot/index.php(111): Dispatcher->dispatch(Object(CakeRequest), Object(CakeResponse))
#3 {main}
2017-12-19 11:30:57 Error: [MissingActionException] Action MerchantsController::img() could not be found.
Exception Attributes: array (
  'controller' => 'MerchantsController',
  'action' => 'img',
)
Request URL: /merchants/img/products/men_04.jpg
Stack Trace:
#0 /Applications/XAMPP/xamppfiles/htdocs/phonlamai/lib/Cake/Routing/Dispatcher.php(193): Controller->invokeAction(Object(CakeRequest))
#1 /Applications/XAMPP/xamppfiles/htdocs/phonlamai/lib/Cake/Routing/Dispatcher.php(167): Dispatcher->_invoke(Object(MerchantsController), Object(CakeRequest))
#2 /Applications/XAMPP/xamppfiles/htdocs/phonlamai/frond/webroot/index.php(111): Dispatcher->dispatch(Object(CakeRequest), Object(CakeResponse))
#3 {main}
2017-12-19 11:30:57 Error: [MissingActionException] Action MerchantsController::img() could not be found.
Exception Attributes: array (
  'controller' => 'MerchantsController',
  'action' => 'img',
)
Request URL: /merchants/img/products/men_02.jpg
Stack Trace:
#0 /Applications/XAMPP/xamppfiles/htdocs/phonlamai/lib/Cake/Routing/Dispatcher.php(193): Controller->invokeAction(Object(CakeRequest))
#1 /Applications/XAMPP/xamppfiles/htdocs/phonlamai/lib/Cake/Routing/Dispatcher.php(167): Dispatcher->_invoke(Object(MerchantsController), Object(CakeRequest))
#2 /Applications/XAMPP/xamppfiles/htdocs/phonlamai/frond/webroot/index.php(111): Dispatcher->dispatch(Object(CakeRequest), Object(CakeResponse))
#3 {main}
2017-12-19 11:30:57 Error: [MissingActionException] Action MerchantsController::img() could not be found.
Exception Attributes: array (
  'controller' => 'MerchantsController',
  'action' => 'img',
)
Request URL: /merchants/img/products/men_05.jpg
Stack Trace:
#0 /Applications/XAMPP/xamppfiles/htdocs/phonlamai/lib/Cake/Routing/Dispatcher.php(193): Controller->invokeAction(Object(CakeRequest))
#1 /Applications/XAMPP/xamppfiles/htdocs/phonlamai/lib/Cake/Routing/Dispatcher.php(167): Dispatcher->_invoke(Object(MerchantsController), Object(CakeRequest))
#2 /Applications/XAMPP/xamppfiles/htdocs/phonlamai/frond/webroot/index.php(111): Dispatcher->dispatch(Object(CakeRequest), Object(CakeResponse))
#3 {main}
2017-12-19 11:30:57 Error: [MissingActionException] Action MerchantsController::img() could not be found.
Exception Attributes: array (
  'controller' => 'MerchantsController',
  'action' => 'img',
)
Request URL: /merchants/img/products/men_06.jpg
Stack Trace:
#0 /Applications/XAMPP/xamppfiles/htdocs/phonlamai/lib/Cake/Routing/Dispatcher.php(193): Controller->invokeAction(Object(CakeRequest))
#1 /Applications/XAMPP/xamppfiles/htdocs/phonlamai/lib/Cake/Routing/Dispatcher.php(167): Dispatcher->_invoke(Object(MerchantsController), Object(CakeRequest))
#2 /Applications/XAMPP/xamppfiles/htdocs/phonlamai/frond/webroot/index.php(111): Dispatcher->dispatch(Object(CakeRequest), Object(CakeResponse))
#3 {main}
2017-12-19 11:33:42 Error: [MissingActionException] Action MerchantsController::img() could not be found.
Exception Attributes: array (
  'controller' => 'MerchantsController',
  'action' => 'img',
)
Request URL: /merchants/img/logo.png
Stack Trace:
#0 /Applications/XAMPP/xamppfiles/htdocs/phonlamai/lib/Cake/Routing/Dispatcher.php(193): Controller->invokeAction(Object(CakeRequest))
#1 /Applications/XAMPP/xamppfiles/htdocs/phonlamai/lib/Cake/Routing/Dispatcher.php(167): Dispatcher->_invoke(Object(MerchantsController), Object(CakeRequest))
#2 /Applications/XAMPP/xamppfiles/htdocs/phonlamai/frond/webroot/index.php(111): Dispatcher->dispatch(Object(CakeRequest), Object(CakeResponse))
#3 {main}
2017-12-19 11:33:42 Error: [MissingActionException] Action MerchantsController::img() could not be found.
Exception Attributes: array (
  'controller' => 'MerchantsController',
  'action' => 'img',
)
Request URL: /merchants/img/products/men_03.jpg
Stack Trace:
#0 /Applications/XAMPP/xamppfiles/htdocs/phonlamai/lib/Cake/Routing/Dispatcher.php(193): Controller->invokeAction(Object(CakeRequest))
#1 /Applications/XAMPP/xamppfiles/htdocs/phonlamai/lib/Cake/Routing/Dispatcher.php(167): Dispatcher->_invoke(Object(MerchantsController), Object(CakeRequest))
#2 /Applications/XAMPP/xamppfiles/htdocs/phonlamai/frond/webroot/index.php(111): Dispatcher->dispatch(Object(CakeRequest), Object(CakeResponse))
#3 {main}
2017-12-19 11:33:42 Error: [MissingActionException] Action MerchantsController::img() could not be found.
Exception Attributes: array (
  'controller' => 'MerchantsController',
  'action' => 'img',
)
Request URL: /merchants/img/products/men_04.jpg
Stack Trace:
#0 /Applications/XAMPP/xamppfiles/htdocs/phonlamai/lib/Cake/Routing/Dispatcher.php(193): Controller->invokeAction(Object(CakeRequest))
#1 /Applications/XAMPP/xamppfiles/htdocs/phonlamai/lib/Cake/Routing/Dispatcher.php(167): Dispatcher->_invoke(Object(MerchantsController), Object(CakeRequest))
#2 /Applications/XAMPP/xamppfiles/htdocs/phonlamai/frond/webroot/index.php(111): Dispatcher->dispatch(Object(CakeRequest), Object(CakeResponse))
#3 {main}
2017-12-19 11:33:42 Error: [MissingActionException] Action MerchantsController::img() could not be found.
Exception Attributes: array (
  'controller' => 'MerchantsController',
  'action' => 'img',
)
Request URL: /merchants/img/products/men_01.jpg
Stack Trace:
#0 /Applications/XAMPP/xamppfiles/htdocs/phonlamai/lib/Cake/Routing/Dispatcher.php(193): Controller->invokeAction(Object(CakeRequest))
#1 /Applications/XAMPP/xamppfiles/htdocs/phonlamai/lib/Cake/Routing/Dispatcher.php(167): Dispatcher->_invoke(Object(MerchantsController), Object(CakeRequest))
#2 /Applications/XAMPP/xamppfiles/htdocs/phonlamai/frond/webroot/index.php(111): Dispatcher->dispatch(Object(CakeRequest), Object(CakeResponse))
#3 {main}
2017-12-19 11:33:42 Error: [MissingActionException] Action MerchantsController::img() could not be found.
Exception Attributes: array (
  'controller' => 'MerchantsController',
  'action' => 'img',
)
Request URL: /merchants/img/products/men_05.jpg
Stack Trace:
#0 /Applications/XAMPP/xamppfiles/htdocs/phonlamai/lib/Cake/Routing/Dispatcher.php(193): Controller->invokeAction(Object(CakeRequest))
#1 /Applications/XAMPP/xamppfiles/htdocs/phonlamai/lib/Cake/Routing/Dispatcher.php(167): Dispatcher->_invoke(Object(MerchantsController), Object(CakeRequest))
#2 /Applications/XAMPP/xamppfiles/htdocs/phonlamai/frond/webroot/index.php(111): Dispatcher->dispatch(Object(CakeRequest), Object(CakeResponse))
#3 {main}
2017-12-19 11:33:42 Error: [MissingActionException] Action MerchantsController::img() could not be found.
Exception Attributes: array (
  'controller' => 'MerchantsController',
  'action' => 'img',
)
Request URL: /merchants/img/products/men_02.jpg
Stack Trace:
#0 /Applications/XAMPP/xamppfiles/htdocs/phonlamai/lib/Cake/Routing/Dispatcher.php(193): Controller->invokeAction(Object(CakeRequest))
#1 /Applications/XAMPP/xamppfiles/htdocs/phonlamai/lib/Cake/Routing/Dispatcher.php(167): Dispatcher->_invoke(Object(MerchantsController), Object(CakeRequest))
#2 /Applications/XAMPP/xamppfiles/htdocs/phonlamai/frond/webroot/index.php(111): Dispatcher->dispatch(Object(CakeRequest), Object(CakeResponse))
#3 {main}
2017-12-19 11:33:42 Error: [MissingActionException] Action MerchantsController::img() could not be found.
Exception Attributes: array (
  'controller' => 'MerchantsController',
  'action' => 'img',
)
Request URL: /merchants/img/products/men_06.jpg
Stack Trace:
#0 /Applications/XAMPP/xamppfiles/htdocs/phonlamai/lib/Cake/Routing/Dispatcher.php(193): Controller->invokeAction(Object(CakeRequest))
#1 /Applications/XAMPP/xamppfiles/htdocs/phonlamai/lib/Cake/Routing/Dispatcher.php(167): Dispatcher->_invoke(Object(MerchantsController), Object(CakeRequest))
#2 /Applications/XAMPP/xamppfiles/htdocs/phonlamai/frond/webroot/index.php(111): Dispatcher->dispatch(Object(CakeRequest), Object(CakeResponse))
#3 {main}
2017-12-19 11:35:06 Error: [MissingActionException] Action MerchantsController::img() could not be found.
Exception Attributes: array (
  'controller' => 'MerchantsController',
  'action' => 'img',
)
Request URL: /merchants/img/logo.png
Stack Trace:
#0 /Applications/XAMPP/xamppfiles/htdocs/phonlamai/lib/Cake/Routing/Dispatcher.php(193): Controller->invokeAction(Object(CakeRequest))
#1 /Applications/XAMPP/xamppfiles/htdocs/phonlamai/lib/Cake/Routing/Dispatcher.php(167): Dispatcher->_invoke(Object(MerchantsController), Object(CakeRequest))
#2 /Applications/XAMPP/xamppfiles/htdocs/phonlamai/frond/webroot/index.php(111): Dispatcher->dispatch(Object(CakeRequest), Object(CakeResponse))
#3 {main}
2017-12-19 11:35:06 Error: [MissingActionException] Action MerchantsController::img() could not be found.
Exception Attributes: array (
  'controller' => 'MerchantsController',
  'action' => 'img',
)
Request URL: /merchants/img/products/men_01.jpg
Stack Trace:
#0 /Applications/XAMPP/xamppfiles/htdocs/phonlamai/lib/Cake/Routing/Dispatcher.php(193): Controller->invokeAction(Object(CakeRequest))
#1 /Applications/XAMPP/xamppfiles/htdocs/phonlamai/lib/Cake/Routing/Dispatcher.php(167): Dispatcher->_invoke(Object(MerchantsController), Object(CakeRequest))
#2 /Applications/XAMPP/xamppfiles/htdocs/phonlamai/frond/webroot/index.php(111): Dispatcher->dispatch(Object(CakeRequest), Object(CakeResponse))
#3 {main}
2017-12-19 11:35:06 Error: [MissingActionException] Action MerchantsController::img() could not be found.
Exception Attributes: array (
  'controller' => 'MerchantsController',
  'action' => 'img',
)
Request URL: /merchants/img/products/men_02.jpg
Stack Trace:
#0 /Applications/XAMPP/xamppfiles/htdocs/phonlamai/lib/Cake/Routing/Dispatcher.php(193): Controller->invokeAction(Object(CakeRequest))
#1 /Applications/XAMPP/xamppfiles/htdocs/phonlamai/lib/Cake/Routing/Dispatcher.php(167): Dispatcher->_invoke(Object(MerchantsController), Object(CakeRequest))
#2 /Applications/XAMPP/xamppfiles/htdocs/phonlamai/frond/webroot/index.php(111): Dispatcher->dispatch(Object(CakeRequest), Object(CakeResponse))
#3 {main}
2017-12-19 11:35:06 Error: [MissingActionException] Action MerchantsController::img() could not be found.
Exception Attributes: array (
  'controller' => 'MerchantsController',
  'action' => 'img',
)
Request URL: /merchants/img/products/men_03.jpg
Stack Trace:
#0 /Applications/XAMPP/xamppfiles/htdocs/phonlamai/lib/Cake/Routing/Dispatcher.php(193): Controller->invokeAction(Object(CakeRequest))
#1 /Applications/XAMPP/xamppfiles/htdocs/phonlamai/lib/Cake/Routing/Dispatcher.php(167): Dispatcher->_invoke(Object(MerchantsController), Object(CakeRequest))
#2 /Applications/XAMPP/xamppfiles/htdocs/phonlamai/frond/webroot/index.php(111): Dispatcher->dispatch(Object(CakeRequest), Object(CakeResponse))
#3 {main}
2017-12-19 11:35:06 Error: [MissingActionException] Action MerchantsController::img() could not be found.
Exception Attributes: array (
  'controller' => 'MerchantsController',
  'action' => 'img',
)
Request URL: /merchants/img/products/men_06.jpg
Stack Trace:
#0 /Applications/XAMPP/xamppfiles/htdocs/phonlamai/lib/Cake/Routing/Dispatcher.php(193): Controller->invokeAction(Object(CakeRequest))
#1 /Applications/XAMPP/xamppfiles/htdocs/phonlamai/lib/Cake/Routing/Dispatcher.php(167): Dispatcher->_invoke(Object(MerchantsController), Object(CakeRequest))
#2 /Applications/XAMPP/xamppfiles/htdocs/phonlamai/frond/webroot/index.php(111): Dispatcher->dispatch(Object(CakeRequest), Object(CakeResponse))
#3 {main}
2017-12-19 11:35:06 Error: [MissingActionException] Action MerchantsController::img() could not be found.
Exception Attributes: array (
  'controller' => 'MerchantsController',
  'action' => 'img',
)
Request URL: /merchants/img/products/men_04.jpg
Stack Trace:
#0 /Applications/XAMPP/xamppfiles/htdocs/phonlamai/lib/Cake/Routing/Dispatcher.php(193): Controller->invokeAction(Object(CakeRequest))
#1 /Applications/XAMPP/xamppfiles/htdocs/phonlamai/lib/Cake/Routing/Dispatcher.php(167): Dispatcher->_invoke(Object(MerchantsController), Object(CakeRequest))
#2 /Applications/XAMPP/xamppfiles/htdocs/phonlamai/frond/webroot/index.php(111): Dispatcher->dispatch(Object(CakeRequest), Object(CakeResponse))
#3 {main}
2017-12-19 11:35:06 Error: [MissingActionException] Action MerchantsController::img() could not be found.
Exception Attributes: array (
  'controller' => 'MerchantsController',
  'action' => 'img',
)
Request URL: /merchants/img/products/men_05.jpg
Stack Trace:
#0 /Applications/XAMPP/xamppfiles/htdocs/phonlamai/lib/Cake/Routing/Dispatcher.php(193): Controller->invokeAction(Object(CakeRequest))
#1 /Applications/XAMPP/xamppfiles/htdocs/phonlamai/lib/Cake/Routing/Dispatcher.php(167): Dispatcher->_invoke(Object(MerchantsController), Object(CakeRequest))
#2 /Applications/XAMPP/xamppfiles/htdocs/phonlamai/frond/webroot/index.php(111): Dispatcher->dispatch(Object(CakeRequest), Object(CakeResponse))
#3 {main}
2017-12-19 11:35:23 Error: [MissingControllerException] Controller class JsController could not be found.
Exception Attributes: array (
  'class' => 'JsController',
  'plugin' => NULL,
)
Request URL: /js/maps/swiper.min.js.map
Stack Trace:
#0 /Applications/XAMPP/xamppfiles/htdocs/phonlamai/frond/webroot/index.php(111): Dispatcher->dispatch(Object(CakeRequest), Object(CakeResponse))
#1 {main}
2017-12-19 11:35:23 Error: [MissingControllerException] Controller class CssController could not be found.
Exception Attributes: array (
  'class' => 'CssController',
  'plugin' => NULL,
)
Request URL: /css/default.css.map
Stack Trace:
#0 /Applications/XAMPP/xamppfiles/htdocs/phonlamai/frond/webroot/index.php(111): Dispatcher->dispatch(Object(CakeRequest), Object(CakeResponse))
#1 {main}
2017-12-19 11:35:23 Error: [MissingControllerException] Controller class CssController could not be found.
Exception Attributes: array (
  'class' => 'CssController',
  'plugin' => NULL,
)
Request URL: /css/bootstrap.min.css.map
Stack Trace:
#0 /Applications/XAMPP/xamppfiles/htdocs/phonlamai/frond/webroot/index.php(111): Dispatcher->dispatch(Object(CakeRequest), Object(CakeResponse))
#1 {main}
2017-12-19 11:36:08 Error: [MissingActionException] Action MerchantsController::img() could not be found.
Exception Attributes: array (
  'controller' => 'MerchantsController',
  'action' => 'img',
)
Request URL: /merchants/img/logo.png
Stack Trace:
#0 /Applications/XAMPP/xamppfiles/htdocs/phonlamai/lib/Cake/Routing/Dispatcher.php(193): Controller->invokeAction(Object(CakeRequest))
#1 /Applications/XAMPP/xamppfiles/htdocs/phonlamai/lib/Cake/Routing/Dispatcher.php(167): Dispatcher->_invoke(Object(MerchantsController), Object(CakeRequest))
#2 /Applications/XAMPP/xamppfiles/htdocs/phonlamai/frond/webroot/index.php(111): Dispatcher->dispatch(Object(CakeRequest), Object(CakeResponse))
#3 {main}
2017-12-19 11:36:08 Error: [MissingActionException] Action MerchantsController::img() could not be found.
Exception Attributes: array (
  'controller' => 'MerchantsController',
  'action' => 'img',
)
Request URL: /merchants/img/products/men_01.jpg
Stack Trace:
#0 /Applications/XAMPP/xamppfiles/htdocs/phonlamai/lib/Cake/Routing/Dispatcher.php(193): Controller->invokeAction(Object(CakeRequest))
#1 /Applications/XAMPP/xamppfiles/htdocs/phonlamai/lib/Cake/Routing/Dispatcher.php(167): Dispatcher->_invoke(Object(MerchantsController), Object(CakeRequest))
#2 /Applications/XAMPP/xamppfiles/htdocs/phonlamai/frond/webroot/index.php(111): Dispatcher->dispatch(Object(CakeRequest), Object(CakeResponse))
#3 {main}
2017-12-19 11:36:08 Error: [MissingActionException] Action MerchantsController::img() could not be found.
Exception Attributes: array (
  'controller' => 'MerchantsController',
  'action' => 'img',
)
Request URL: /merchants/img/products/men_05.jpg
Stack Trace:
#0 /Applications/XAMPP/xamppfiles/htdocs/phonlamai/lib/Cake/Routing/Dispatcher.php(193): Controller->invokeAction(Object(CakeRequest))
#1 /Applications/XAMPP/xamppfiles/htdocs/phonlamai/lib/Cake/Routing/Dispatcher.php(167): Dispatcher->_invoke(Object(MerchantsController), Object(CakeRequest))
#2 /Applications/XAMPP/xamppfiles/htdocs/phonlamai/frond/webroot/index.php(111): Dispatcher->dispatch(Object(CakeRequest), Object(CakeResponse))
#3 {main}
2017-12-19 11:36:08 Error: [MissingActionException] Action MerchantsController::img() could not be found.
Exception Attributes: array (
  'controller' => 'MerchantsController',
  'action' => 'img',
)
Request URL: /merchants/img/products/men_02.jpg
Stack Trace:
#0 /Applications/XAMPP/xamppfiles/htdocs/phonlamai/lib/Cake/Routing/Dispatcher.php(193): Controller->invokeAction(Object(CakeRequest))
#1 /Applications/XAMPP/xamppfiles/htdocs/phonlamai/lib/Cake/Routing/Dispatcher.php(167): Dispatcher->_invoke(Object(MerchantsController), Object(CakeRequest))
#2 /Applications/XAMPP/xamppfiles/htdocs/phonlamai/frond/webroot/index.php(111): Dispatcher->dispatch(Object(CakeRequest), Object(CakeResponse))
#3 {main}
2017-12-19 11:36:08 Error: [MissingActionException] Action MerchantsController::img() could not be found.
Exception Attributes: array (
  'controller' => 'MerchantsController',
  'action' => 'img',
)
Request URL: /merchants/img/products/men_04.jpg
Stack Trace:
#0 /Applications/XAMPP/xamppfiles/htdocs/phonlamai/lib/Cake/Routing/Dispatcher.php(193): Controller->invokeAction(Object(CakeRequest))
#1 /Applications/XAMPP/xamppfiles/htdocs/phonlamai/lib/Cake/Routing/Dispatcher.php(167): Dispatcher->_invoke(Object(MerchantsController), Object(CakeRequest))
#2 /Applications/XAMPP/xamppfiles/htdocs/phonlamai/frond/webroot/index.php(111): Dispatcher->dispatch(Object(CakeRequest), Object(CakeResponse))
#3 {main}
2017-12-19 11:36:08 Error: [MissingActionException] Action MerchantsController::img() could not be found.
Exception Attributes: array (
  'controller' => 'MerchantsController',
  'action' => 'img',
)
Request URL: /merchants/img/products/men_06.jpg
Stack Trace:
#0 /Applications/XAMPP/xamppfiles/htdocs/phonlamai/lib/Cake/Routing/Dispatcher.php(193): Controller->invokeAction(Object(CakeRequest))
#1 /Applications/XAMPP/xamppfiles/htdocs/phonlamai/lib/Cake/Routing/Dispatcher.php(167): Dispatcher->_invoke(Object(MerchantsController), Object(CakeRequest))
#2 /Applications/XAMPP/xamppfiles/htdocs/phonlamai/frond/webroot/index.php(111): Dispatcher->dispatch(Object(CakeRequest), Object(CakeResponse))
#3 {main}
2017-12-19 11:36:08 Error: [MissingActionException] Action MerchantsController::img() could not be found.
Exception Attributes: array (
  'controller' => 'MerchantsController',
  'action' => 'img',
)
Request URL: /merchants/img/products/men_03.jpg
Stack Trace:
#0 /Applications/XAMPP/xamppfiles/htdocs/phonlamai/lib/Cake/Routing/Dispatcher.php(193): Controller->invokeAction(Object(CakeRequest))
#1 /Applications/XAMPP/xamppfiles/htdocs/phonlamai/lib/Cake/Routing/Dispatcher.php(167): Dispatcher->_invoke(Object(MerchantsController), Object(CakeRequest))
#2 /Applications/XAMPP/xamppfiles/htdocs/phonlamai/frond/webroot/index.php(111): Dispatcher->dispatch(Object(CakeRequest), Object(CakeResponse))
#3 {main}
2017-12-19 11:36:08 Error: [MissingControllerException] Controller class CssController could not be found.
Exception Attributes: array (
  'class' => 'CssController',
  'plugin' => NULL,
)
Request URL: /css/bootstrap.min.css.map
Stack Trace:
#0 /Applications/XAMPP/xamppfiles/htdocs/phonlamai/frond/webroot/index.php(111): Dispatcher->dispatch(Object(CakeRequest), Object(CakeResponse))
#1 {main}
2017-12-19 11:36:08 Error: [MissingControllerException] Controller class CssController could not be found.
Exception Attributes: array (
  'class' => 'CssController',
  'plugin' => NULL,
)
Request URL: /css/default.css.map
Stack Trace:
#0 /Applications/XAMPP/xamppfiles/htdocs/phonlamai/frond/webroot/index.php(111): Dispatcher->dispatch(Object(CakeRequest), Object(CakeResponse))
#1 {main}
2017-12-19 11:36:09 Error: [MissingControllerException] Controller class JsController could not be found.
Exception Attributes: array (
  'class' => 'JsController',
  'plugin' => NULL,
)
Request URL: /js/maps/swiper.min.js.map
Stack Trace:
#0 /Applications/XAMPP/xamppfiles/htdocs/phonlamai/frond/webroot/index.php(111): Dispatcher->dispatch(Object(CakeRequest), Object(CakeResponse))
#1 {main}
2017-12-19 11:37:31 Error: [MissingActionException] Action MerchantsController::img() could not be found.
Exception Attributes: array (
  'controller' => 'MerchantsController',
  'action' => 'img',
)
Request URL: /merchants/img/logo.png
Stack Trace:
#0 /Applications/XAMPP/xamppfiles/htdocs/phonlamai/lib/Cake/Routing/Dispatcher.php(193): Controller->invokeAction(Object(CakeRequest))
#1 /Applications/XAMPP/xamppfiles/htdocs/phonlamai/lib/Cake/Routing/Dispatcher.php(167): Dispatcher->_invoke(Object(MerchantsController), Object(CakeRequest))
#2 /Applications/XAMPP/xamppfiles/htdocs/phonlamai/frond/webroot/index.php(111): Dispatcher->dispatch(Object(CakeRequest), Object(CakeResponse))
#3 {main}
2017-12-19 11:37:31 Error: [MissingActionException] Action MerchantsController::img() could not be found.
Exception Attributes: array (
  'controller' => 'MerchantsController',
  'action' => 'img',
)
Request URL: /merchants/img/products/men_01.jpg
Stack Trace:
#0 /Applications/XAMPP/xamppfiles/htdocs/phonlamai/lib/Cake/Routing/Dispatcher.php(193): Controller->invokeAction(Object(CakeRequest))
#1 /Applications/XAMPP/xamppfiles/htdocs/phonlamai/lib/Cake/Routing/Dispatcher.php(167): Dispatcher->_invoke(Object(MerchantsController), Object(CakeRequest))
#2 /Applications/XAMPP/xamppfiles/htdocs/phonlamai/frond/webroot/index.php(111): Dispatcher->dispatch(Object(CakeRequest), Object(CakeResponse))
#3 {main}
2017-12-19 11:37:31 Error: [MissingActionException] Action MerchantsController::img() could not be found.
Exception Attributes: array (
  'controller' => 'MerchantsController',
  'action' => 'img',
)
Request URL: /merchants/img/products/men_02.jpg
Stack Trace:
#0 /Applications/XAMPP/xamppfiles/htdocs/phonlamai/lib/Cake/Routing/Dispatcher.php(193): Controller->invokeAction(Object(CakeRequest))
#1 /Applications/XAMPP/xamppfiles/htdocs/phonlamai/lib/Cake/Routing/Dispatcher.php(167): Dispatcher->_invoke(Object(MerchantsController), Object(CakeRequest))
#2 /Applications/XAMPP/xamppfiles/htdocs/phonlamai/frond/webroot/index.php(111): Dispatcher->dispatch(Object(CakeRequest), Object(CakeResponse))
#3 {main}
2017-12-19 11:37:31 Error: [MissingActionException] Action MerchantsController::img() could not be found.
Exception Attributes: array (
  'controller' => 'MerchantsController',
  'action' => 'img',
)
Request URL: /merchants/img/products/men_06.jpg
Stack Trace:
#0 /Applications/XAMPP/xamppfiles/htdocs/phonlamai/lib/Cake/Routing/Dispatcher.php(193): Controller->invokeAction(Object(CakeRequest))
#1 /Applications/XAMPP/xamppfiles/htdocs/phonlamai/lib/Cake/Routing/Dispatcher.php(167): Dispatcher->_invoke(Object(MerchantsController), Object(CakeRequest))
#2 /Applications/XAMPP/xamppfiles/htdocs/phonlamai/frond/webroot/index.php(111): Dispatcher->dispatch(Object(CakeRequest), Object(CakeResponse))
#3 {main}
2017-12-19 11:37:31 Error: [MissingActionException] Action MerchantsController::img() could not be found.
Exception Attributes: array (
  'controller' => 'MerchantsController',
  'action' => 'img',
)
Request URL: /merchants/img/products/men_04.jpg
Stack Trace:
#0 /Applications/XAMPP/xamppfiles/htdocs/phonlamai/lib/Cake/Routing/Dispatcher.php(193): Controller->invokeAction(Object(CakeRequest))
#1 /Applications/XAMPP/xamppfiles/htdocs/phonlamai/lib/Cake/Routing/Dispatcher.php(167): Dispatcher->_invoke(Object(MerchantsController), Object(CakeRequest))
#2 /Applications/XAMPP/xamppfiles/htdocs/phonlamai/frond/webroot/index.php(111): Dispatcher->dispatch(Object(CakeRequest), Object(CakeResponse))
#3 {main}
2017-12-19 11:37:31 Error: [MissingActionException] Action MerchantsController::img() could not be found.
Exception Attributes: array (
  'controller' => 'MerchantsController',
  'action' => 'img',
)
Request URL: /merchants/img/products/men_05.jpg
Stack Trace:
#0 /Applications/XAMPP/xamppfiles/htdocs/phonlamai/lib/Cake/Routing/Dispatcher.php(193): Controller->invokeAction(Object(CakeRequest))
#1 /Applications/XAMPP/xamppfiles/htdocs/phonlamai/lib/Cake/Routing/Dispatcher.php(167): Dispatcher->_invoke(Object(MerchantsController), Object(CakeRequest))
#2 /Applications/XAMPP/xamppfiles/htdocs/phonlamai/frond/webroot/index.php(111): Dispatcher->dispatch(Object(CakeRequest), Object(CakeResponse))
#3 {main}
2017-12-19 11:37:31 Error: [MissingActionException] Action MerchantsController::img() could not be found.
Exception Attributes: array (
  'controller' => 'MerchantsController',
  'action' => 'img',
)
Request URL: /merchants/img/products/men_03.jpg
Stack Trace:
#0 /Applications/XAMPP/xamppfiles/htdocs/phonlamai/lib/Cake/Routing/Dispatcher.php(193): Controller->invokeAction(Object(CakeRequest))
#1 /Applications/XAMPP/xamppfiles/htdocs/phonlamai/lib/Cake/Routing/Dispatcher.php(167): Dispatcher->_invoke(Object(MerchantsController), Object(CakeRequest))
#2 /Applications/XAMPP/xamppfiles/htdocs/phonlamai/frond/webroot/index.php(111): Dispatcher->dispatch(Object(CakeRequest), Object(CakeResponse))
#3 {main}
2017-12-19 11:37:32 Error: [MissingControllerException] Controller class CssController could not be found.
Exception Attributes: array (
  'class' => 'CssController',
  'plugin' => NULL,
)
Request URL: /css/bootstrap.min.css.map
Stack Trace:
#0 /Applications/XAMPP/xamppfiles/htdocs/phonlamai/frond/webroot/index.php(111): Dispatcher->dispatch(Object(CakeRequest), Object(CakeResponse))
#1 {main}
2017-12-19 11:37:32 Error: [MissingControllerException] Controller class CssController could not be found.
Exception Attributes: array (
  'class' => 'CssController',
  'plugin' => NULL,
)
Request URL: /css/default.css.map
Stack Trace:
#0 /Applications/XAMPP/xamppfiles/htdocs/phonlamai/frond/webroot/index.php(111): Dispatcher->dispatch(Object(CakeRequest), Object(CakeResponse))
#1 {main}
2017-12-19 11:37:32 Error: [MissingControllerException] Controller class JsController could not be found.
Exception Attributes: array (
  'class' => 'JsController',
  'plugin' => NULL,
)
Request URL: /js/maps/swiper.min.js.map
Stack Trace:
#0 /Applications/XAMPP/xamppfiles/htdocs/phonlamai/frond/webroot/index.php(111): Dispatcher->dispatch(Object(CakeRequest), Object(CakeResponse))
#1 {main}
2017-12-19 11:39:01 Error: [MissingActionException] Action MerchantsController::img() could not be found.
Exception Attributes: array (
  'controller' => 'MerchantsController',
  'action' => 'img',
)
Request URL: /merchants/img/logo.png
Stack Trace:
#0 /Applications/XAMPP/xamppfiles/htdocs/phonlamai/lib/Cake/Routing/Dispatcher.php(193): Controller->invokeAction(Object(CakeRequest))
#1 /Applications/XAMPP/xamppfiles/htdocs/phonlamai/lib/Cake/Routing/Dispatcher.php(167): Dispatcher->_invoke(Object(MerchantsController), Object(CakeRequest))
#2 /Applications/XAMPP/xamppfiles/htdocs/phonlamai/frond/webroot/index.php(111): Dispatcher->dispatch(Object(CakeRequest), Object(CakeResponse))
#3 {main}
2017-12-19 11:39:01 Error: [MissingActionException] Action MerchantsController::img() could not be found.
Exception Attributes: array (
  'controller' => 'MerchantsController',
  'action' => 'img',
)
Request URL: /merchants/img/products/men_01.jpg
Stack Trace:
#0 /Applications/XAMPP/xamppfiles/htdocs/phonlamai/lib/Cake/Routing/Dispatcher.php(193): Controller->invokeAction(Object(CakeRequest))
#1 /Applications/XAMPP/xamppfiles/htdocs/phonlamai/lib/Cake/Routing/Dispatcher.php(167): Dispatcher->_invoke(Object(MerchantsController), Object(CakeRequest))
#2 /Applications/XAMPP/xamppfiles/htdocs/phonlamai/frond/webroot/index.php(111): Dispatcher->dispatch(Object(CakeRequest), Object(CakeResponse))
#3 {main}
2017-12-19 11:39:01 Error: [MissingActionException] Action MerchantsController::img() could not be found.
Exception Attributes: array (
  'controller' => 'MerchantsController',
  'action' => 'img',
)
Request URL: /merchants/img/products/men_05.jpg
Stack Trace:
#0 /Applications/XAMPP/xamppfiles/htdocs/phonlamai/lib/Cake/Routing/Dispatcher.php(193): Controller->invokeAction(Object(CakeRequest))
#1 /Applications/XAMPP/xamppfiles/htdocs/phonlamai/lib/Cake/Routing/Dispatcher.php(167): Dispatcher->_invoke(Object(MerchantsController), Object(CakeRequest))
#2 /Applications/XAMPP/xamppfiles/htdocs/phonlamai/frond/webroot/index.php(111): Dispatcher->dispatch(Object(CakeRequest), Object(CakeResponse))
#3 {main}
2017-12-19 11:39:01 Error: [MissingActionException] Action MerchantsController::img() could not be found.
Exception Attributes: array (
  'controller' => 'MerchantsController',
  'action' => 'img',
)
Request URL: /merchants/img/products/men_02.jpg
Stack Trace:
#0 /Applications/XAMPP/xamppfiles/htdocs/phonlamai/lib/Cake/Routing/Dispatcher.php(193): Controller->invokeAction(Object(CakeRequest))
#1 /Applications/XAMPP/xamppfiles/htdocs/phonlamai/lib/Cake/Routing/Dispatcher.php(167): Dispatcher->_invoke(Object(MerchantsController), Object(CakeRequest))
#2 /Applications/XAMPP/xamppfiles/htdocs/phonlamai/frond/webroot/index.php(111): Dispatcher->dispatch(Object(CakeRequest), Object(CakeResponse))
#3 {main}
2017-12-19 11:39:01 Error: [MissingActionException] Action MerchantsController::img() could not be found.
Exception Attributes: array (
  'controller' => 'MerchantsController',
  'action' => 'img',
)
Request URL: /merchants/img/products/men_04.jpg
Stack Trace:
#0 /Applications/XAMPP/xamppfiles/htdocs/phonlamai/lib/Cake/Routing/Dispatcher.php(193): Controller->invokeAction(Object(CakeRequest))
#1 /Applications/XAMPP/xamppfiles/htdocs/phonlamai/lib/Cake/Routing/Dispatcher.php(167): Dispatcher->_invoke(Object(MerchantsController), Object(CakeRequest))
#2 /Applications/XAMPP/xamppfiles/htdocs/phonlamai/frond/webroot/index.php(111): Dispatcher->dispatch(Object(CakeRequest), Object(CakeResponse))
#3 {main}
2017-12-19 11:39:02 Error: [MissingActionException] Action MerchantsController::img() could not be found.
Exception Attributes: array (
  'controller' => 'MerchantsController',
  'action' => 'img',
)
Request URL: /merchants/img/products/men_06.jpg
Stack Trace:
#0 /Applications/XAMPP/xamppfiles/htdocs/phonlamai/lib/Cake/Routing/Dispatcher.php(193): Controller->invokeAction(Object(CakeRequest))
#1 /Applications/XAMPP/xamppfiles/htdocs/phonlamai/lib/Cake/Routing/Dispatcher.php(167): Dispatcher->_invoke(Object(MerchantsController), Object(CakeRequest))
#2 /Applications/XAMPP/xamppfiles/htdocs/phonlamai/frond/webroot/index.php(111): Dispatcher->dispatch(Object(CakeRequest), Object(CakeResponse))
#3 {main}
2017-12-19 11:39:02 Error: [MissingActionException] Action MerchantsController::img() could not be found.
Exception Attributes: array (
  'controller' => 'MerchantsController',
  'action' => 'img',
)
Request URL: /merchants/img/products/men_03.jpg
Stack Trace:
#0 /Applications/XAMPP/xamppfiles/htdocs/phonlamai/lib/Cake/Routing/Dispatcher.php(193): Controller->invokeAction(Object(CakeRequest))
#1 /Applications/XAMPP/xamppfiles/htdocs/phonlamai/lib/Cake/Routing/Dispatcher.php(167): Dispatcher->_invoke(Object(MerchantsController), Object(CakeRequest))
#2 /Applications/XAMPP/xamppfiles/htdocs/phonlamai/frond/webroot/index.php(111): Dispatcher->dispatch(Object(CakeRequest), Object(CakeResponse))
#3 {main}
2017-12-19 11:39:02 Error: [MissingControllerException] Controller class CssController could not be found.
Exception Attributes: array (
  'class' => 'CssController',
  'plugin' => NULL,
)
Request URL: /css/bootstrap.min.css.map
Stack Trace:
#0 /Applications/XAMPP/xamppfiles/htdocs/phonlamai/frond/webroot/index.php(111): Dispatcher->dispatch(Object(CakeRequest), Object(CakeResponse))
#1 {main}
2017-12-19 11:39:02 Error: [MissingControllerException] Controller class CssController could not be found.
Exception Attributes: array (
  'class' => 'CssController',
  'plugin' => NULL,
)
Request URL: /css/default.css.map
Stack Trace:
#0 /Applications/XAMPP/xamppfiles/htdocs/phonlamai/frond/webroot/index.php(111): Dispatcher->dispatch(Object(CakeRequest), Object(CakeResponse))
#1 {main}
2017-12-19 11:39:02 Error: [MissingControllerException] Controller class JsController could not be found.
Exception Attributes: array (
  'class' => 'JsController',
  'plugin' => NULL,
)
Request URL: /js/maps/swiper.min.js.map
Stack Trace:
#0 /Applications/XAMPP/xamppfiles/htdocs/phonlamai/frond/webroot/index.php(111): Dispatcher->dispatch(Object(CakeRequest), Object(CakeResponse))
#1 {main}
2017-12-19 11:42:08 Error: [MissingControllerException] Controller class CssController could not be found.
Exception Attributes: array (
  'class' => 'CssController',
  'plugin' => NULL,
)
Request URL: /css/default.css.map
Stack Trace:
#0 /Applications/XAMPP/xamppfiles/htdocs/phonlamai/frond/webroot/index.php(111): Dispatcher->dispatch(Object(CakeRequest), Object(CakeResponse))
#1 {main}
2017-12-19 11:42:08 Error: [MissingControllerException] Controller class CssController could not be found.
Exception Attributes: array (
  'class' => 'CssController',
  'plugin' => NULL,
)
Request URL: /css/bootstrap.min.css.map
Stack Trace:
#0 /Applications/XAMPP/xamppfiles/htdocs/phonlamai/frond/webroot/index.php(111): Dispatcher->dispatch(Object(CakeRequest), Object(CakeResponse))
#1 {main}
2017-12-19 11:42:16 Error: [MissingActionException] Action MerchantsController::img() could not be found.
Exception Attributes: array (
  'controller' => 'MerchantsController',
  'action' => 'img',
)
Request URL: /merchants/img/logo.png
Stack Trace:
#0 /Applications/XAMPP/xamppfiles/htdocs/phonlamai/lib/Cake/Routing/Dispatcher.php(193): Controller->invokeAction(Object(CakeRequest))
#1 /Applications/XAMPP/xamppfiles/htdocs/phonlamai/lib/Cake/Routing/Dispatcher.php(167): Dispatcher->_invoke(Object(MerchantsController), Object(CakeRequest))
#2 /Applications/XAMPP/xamppfiles/htdocs/phonlamai/frond/webroot/index.php(111): Dispatcher->dispatch(Object(CakeRequest), Object(CakeResponse))
#3 {main}
2017-12-19 11:42:16 Error: [MissingActionException] Action MerchantsController::img() could not be found.
Exception Attributes: array (
  'controller' => 'MerchantsController',
  'action' => 'img',
)
Request URL: /merchants/img/products/men_01.jpg
Stack Trace:
#0 /Applications/XAMPP/xamppfiles/htdocs/phonlamai/lib/Cake/Routing/Dispatcher.php(193): Controller->invokeAction(Object(CakeRequest))
#1 /Applications/XAMPP/xamppfiles/htdocs/phonlamai/lib/Cake/Routing/Dispatcher.php(167): Dispatcher->_invoke(Object(MerchantsController), Object(CakeRequest))
#2 /Applications/XAMPP/xamppfiles/htdocs/phonlamai/frond/webroot/index.php(111): Dispatcher->dispatch(Object(CakeRequest), Object(CakeResponse))
#3 {main}
2017-12-19 11:42:16 Error: [MissingActionException] Action MerchantsController::img() could not be found.
Exception Attributes: array (
  'controller' => 'MerchantsController',
  'action' => 'img',
)
Request URL: /merchants/img/products/men_05.jpg
Stack Trace:
#0 /Applications/XAMPP/xamppfiles/htdocs/phonlamai/lib/Cake/Routing/Dispatcher.php(193): Controller->invokeAction(Object(CakeRequest))
#1 /Applications/XAMPP/xamppfiles/htdocs/phonlamai/lib/Cake/Routing/Dispatcher.php(167): Dispatcher->_invoke(Object(MerchantsController), Object(CakeRequest))
#2 /Applications/XAMPP/xamppfiles/htdocs/phonlamai/frond/webroot/index.php(111): Dispatcher->dispatch(Object(CakeRequest), Object(CakeResponse))
#3 {main}
2017-12-19 11:42:16 Error: [MissingActionException] Action MerchantsController::img() could not be found.
Exception Attributes: array (
  'controller' => 'MerchantsController',
  'action' => 'img',
)
Request URL: /merchants/img/products/men_04.jpg
Stack Trace:
#0 /Applications/XAMPP/xamppfiles/htdocs/phonlamai/lib/Cake/Routing/Dispatcher.php(193): Controller->invokeAction(Object(CakeRequest))
#1 /Applications/XAMPP/xamppfiles/htdocs/phonlamai/lib/Cake/Routing/Dispatcher.php(167): Dispatcher->_invoke(Object(MerchantsController), Object(CakeRequest))
#2 /Applications/XAMPP/xamppfiles/htdocs/phonlamai/frond/webroot/index.php(111): Dispatcher->dispatch(Object(CakeRequest), Object(CakeResponse))
#3 {main}
2017-12-19 11:42:16 Error: [MissingActionException] Action MerchantsController::img() could not be found.
Exception Attributes: array (
  'controller' => 'MerchantsController',
  'action' => 'img',
)
Request URL: /merchants/img/products/men_02.jpg
Stack Trace:
#0 /Applications/XAMPP/xamppfiles/htdocs/phonlamai/lib/Cake/Routing/Dispatcher.php(193): Controller->invokeAction(Object(CakeRequest))
#1 /Applications/XAMPP/xamppfiles/htdocs/phonlamai/lib/Cake/Routing/Dispatcher.php(167): Dispatcher->_invoke(Object(MerchantsController), Object(CakeRequest))
#2 /Applications/XAMPP/xamppfiles/htdocs/phonlamai/frond/webroot/index.php(111): Dispatcher->dispatch(Object(CakeRequest), Object(CakeResponse))
#3 {main}
2017-12-19 11:42:16 Error: [MissingActionException] Action MerchantsController::img() could not be found.
Exception Attributes: array (
  'controller' => 'MerchantsController',
  'action' => 'img',
)
Request URL: /merchants/img/products/men_06.jpg
Stack Trace:
#0 /Applications/XAMPP/xamppfiles/htdocs/phonlamai/lib/Cake/Routing/Dispatcher.php(193): Controller->invokeAction(Object(CakeRequest))
#1 /Applications/XAMPP/xamppfiles/htdocs/phonlamai/lib/Cake/Routing/Dispatcher.php(167): Dispatcher->_invoke(Object(MerchantsController), Object(CakeRequest))
#2 /Applications/XAMPP/xamppfiles/htdocs/phonlamai/frond/webroot/index.php(111): Dispatcher->dispatch(Object(CakeRequest), Object(CakeResponse))
#3 {main}
2017-12-19 11:42:16 Error: [MissingActionException] Action MerchantsController::img() could not be found.
Exception Attributes: array (
  'controller' => 'MerchantsController',
  'action' => 'img',
)
Request URL: /merchants/img/products/men_03.jpg
Stack Trace:
#0 /Applications/XAMPP/xamppfiles/htdocs/phonlamai/lib/Cake/Routing/Dispatcher.php(193): Controller->invokeAction(Object(CakeRequest))
#1 /Applications/XAMPP/xamppfiles/htdocs/phonlamai/lib/Cake/Routing/Dispatcher.php(167): Dispatcher->_invoke(Object(MerchantsController), Object(CakeRequest))
#2 /Applications/XAMPP/xamppfiles/htdocs/phonlamai/frond/webroot/index.php(111): Dispatcher->dispatch(Object(CakeRequest), Object(CakeResponse))
#3 {main}
2017-12-19 11:42:16 Error: [MissingActionException] Action MerchantsController::img() could not be found.
Exception Attributes: array (
  'controller' => 'MerchantsController',
  'action' => 'img',
)
Request URL: /merchants/img/products/men_05.jpg
Stack Trace:
#0 /Applications/XAMPP/xamppfiles/htdocs/phonlamai/lib/Cake/Routing/Dispatcher.php(193): Controller->invokeAction(Object(CakeRequest))
#1 /Applications/XAMPP/xamppfiles/htdocs/phonlamai/lib/Cake/Routing/Dispatcher.php(167): Dispatcher->_invoke(Object(MerchantsController), Object(CakeRequest))
#2 /Applications/XAMPP/xamppfiles/htdocs/phonlamai/frond/webroot/index.php(111): Dispatcher->dispatch(Object(CakeRequest), Object(CakeResponse))
#3 {main}
2017-12-19 11:42:16 Error: [MissingActionException] Action MerchantsController::img() could not be found.
Exception Attributes: array (
  'controller' => 'MerchantsController',
  'action' => 'img',
)
Request URL: /merchants/img/products/men_03.jpg
Stack Trace:
#0 /Applications/XAMPP/xamppfiles/htdocs/phonlamai/lib/Cake/Routing/Dispatcher.php(193): Controller->invokeAction(Object(CakeRequest))
#1 /Applications/XAMPP/xamppfiles/htdocs/phonlamai/lib/Cake/Routing/Dispatcher.php(167): Dispatcher->_invoke(Object(MerchantsController), Object(CakeRequest))
#2 /Applications/XAMPP/xamppfiles/htdocs/phonlamai/frond/webroot/index.php(111): Dispatcher->dispatch(Object(CakeRequest), Object(CakeResponse))
#3 {main}
2017-12-19 11:42:16 Error: [MissingActionException] Action MerchantsController::img() could not be found.
Exception Attributes: array (
  'controller' => 'MerchantsController',
  'action' => 'img',
)
Request URL: /merchants/img/products/men_04.jpg
Stack Trace:
#0 /Applications/XAMPP/xamppfiles/htdocs/phonlamai/lib/Cake/Routing/Dispatcher.php(193): Controller->invokeAction(Object(CakeRequest))
#1 /Applications/XAMPP/xamppfiles/htdocs/phonlamai/lib/Cake/Routing/Dispatcher.php(167): Dispatcher->_invoke(Object(MerchantsController), Object(CakeRequest))
#2 /Applications/XAMPP/xamppfiles/htdocs/phonlamai/frond/webroot/index.php(111): Dispatcher->dispatch(Object(CakeRequest), Object(CakeResponse))
#3 {main}
2017-12-19 11:42:16 Error: [MissingActionException] Action MerchantsController::img() could not be found.
Exception Attributes: array (
  'controller' => 'MerchantsController',
  'action' => 'img',
)
Request URL: /merchants/img/products/men_01.jpg
Stack Trace:
#0 /Applications/XAMPP/xamppfiles/htdocs/phonlamai/lib/Cake/Routing/Dispatcher.php(193): Controller->invokeAction(Object(CakeRequest))
#1 /Applications/XAMPP/xamppfiles/htdocs/phonlamai/lib/Cake/Routing/Dispatcher.php(167): Dispatcher->_invoke(Object(MerchantsController), Object(CakeRequest))
#2 /Applications/XAMPP/xamppfiles/htdocs/phonlamai/frond/webroot/index.php(111): Dispatcher->dispatch(Object(CakeRequest), Object(CakeResponse))
#3 {main}
2017-12-19 11:42:16 Error: [MissingControllerException] Controller class CssController could not be found.
Exception Attributes: array (
  'class' => 'CssController',
  'plugin' => NULL,
)
Request URL: /css/default.css.map
Stack Trace:
#0 /Applications/XAMPP/xamppfiles/htdocs/phonlamai/frond/webroot/index.php(111): Dispatcher->dispatch(Object(CakeRequest), Object(CakeResponse))
#1 {main}
2017-12-19 11:42:16 Error: [MissingControllerException] Controller class CssController could not be found.
Exception Attributes: array (
  'class' => 'CssController',
  'plugin' => NULL,
)
Request URL: /css/bootstrap.min.css.map
Stack Trace:
#0 /Applications/XAMPP/xamppfiles/htdocs/phonlamai/frond/webroot/index.php(111): Dispatcher->dispatch(Object(CakeRequest), Object(CakeResponse))
#1 {main}
2017-12-19 11:42:17 Error: [MissingControllerException] Controller class JsController could not be found.
Exception Attributes: array (
  'class' => 'JsController',
  'plugin' => NULL,
)
Request URL: /js/maps/swiper.min.js.map
Stack Trace:
#0 /Applications/XAMPP/xamppfiles/htdocs/phonlamai/frond/webroot/index.php(111): Dispatcher->dispatch(Object(CakeRequest), Object(CakeResponse))
#1 {main}
2017-12-19 11:44:12 Error: [MissingActionException] Action MerchantsController::img() could not be found.
Exception Attributes: array (
  'controller' => 'MerchantsController',
  'action' => 'img',
)
Request URL: /merchants/img/logo.png
Stack Trace:
#0 /Applications/XAMPP/xamppfiles/htdocs/phonlamai/lib/Cake/Routing/Dispatcher.php(193): Controller->invokeAction(Object(CakeRequest))
#1 /Applications/XAMPP/xamppfiles/htdocs/phonlamai/lib/Cake/Routing/Dispatcher.php(167): Dispatcher->_invoke(Object(MerchantsController), Object(CakeRequest))
#2 /Applications/XAMPP/xamppfiles/htdocs/phonlamai/frond/webroot/index.php(111): Dispatcher->dispatch(Object(CakeRequest), Object(CakeResponse))
#3 {main}
2017-12-19 11:44:12 Error: [MissingActionException] Action MerchantsController::img() could not be found.
Exception Attributes: array (
  'controller' => 'MerchantsController',
  'action' => 'img',
)
Request URL: /merchants/img/products/men_01.jpg
Stack Trace:
#0 /Applications/XAMPP/xamppfiles/htdocs/phonlamai/lib/Cake/Routing/Dispatcher.php(193): Controller->invokeAction(Object(CakeRequest))
#1 /Applications/XAMPP/xamppfiles/htdocs/phonlamai/lib/Cake/Routing/Dispatcher.php(167): Dispatcher->_invoke(Object(MerchantsController), Object(CakeRequest))
#2 /Applications/XAMPP/xamppfiles/htdocs/phonlamai/frond/webroot/index.php(111): Dispatcher->dispatch(Object(CakeRequest), Object(CakeResponse))
#3 {main}
2017-12-19 11:44:12 Error: [MissingActionException] Action MerchantsController::img() could not be found.
Exception Attributes: array (
  'controller' => 'MerchantsController',
  'action' => 'img',
)
Request URL: /merchants/img/products/men_06.jpg
Stack Trace:
#0 /Applications/XAMPP/xamppfiles/htdocs/phonlamai/lib/Cake/Routing/Dispatcher.php(193): Controller->invokeAction(Object(CakeRequest))
#1 /Applications/XAMPP/xamppfiles/htdocs/phonlamai/lib/Cake/Routing/Dispatcher.php(167): Dispatcher->_invoke(Object(MerchantsController), Object(CakeRequest))
#2 /Applications/XAMPP/xamppfiles/htdocs/phonlamai/frond/webroot/index.php(111): Dispatcher->dispatch(Object(CakeRequest), Object(CakeResponse))
#3 {main}
2017-12-19 11:44:12 Error: [MissingActionException] Action MerchantsController::img() could not be found.
Exception Attributes: array (
  'controller' => 'MerchantsController',
  'action' => 'img',
)
Request URL: /merchants/img/products/men_03.jpg
Stack Trace:
#0 /Applications/XAMPP/xamppfiles/htdocs/phonlamai/lib/Cake/Routing/Dispatcher.php(193): Controller->invokeAction(Object(CakeRequest))
#1 /Applications/XAMPP/xamppfiles/htdocs/phonlamai/lib/Cake/Routing/Dispatcher.php(167): Dispatcher->_invoke(Object(MerchantsController), Object(CakeRequest))
#2 /Applications/XAMPP/xamppfiles/htdocs/phonlamai/frond/webroot/index.php(111): Dispatcher->dispatch(Object(CakeRequest), Object(CakeResponse))
#3 {main}
2017-12-19 11:44:12 Error: [MissingActionException] Action MerchantsController::img() could not be found.
Exception Attributes: array (
  'controller' => 'MerchantsController',
  'action' => 'img',
)
Request URL: /merchants/img/products/men_04.jpg
Stack Trace:
#0 /Applications/XAMPP/xamppfiles/htdocs/phonlamai/lib/Cake/Routing/Dispatcher.php(193): Controller->invokeAction(Object(CakeRequest))
#1 /Applications/XAMPP/xamppfiles/htdocs/phonlamai/lib/Cake/Routing/Dispatcher.php(167): Dispatcher->_invoke(Object(MerchantsController), Object(CakeRequest))
#2 /Applications/XAMPP/xamppfiles/htdocs/phonlamai/frond/webroot/index.php(111): Dispatcher->dispatch(Object(CakeRequest), Object(CakeResponse))
#3 {main}
2017-12-19 11:44:12 Error: [MissingActionException] Action MerchantsController::img() could not be found.
Exception Attributes: array (
  'controller' => 'MerchantsController',
  'action' => 'img',
)
Request URL: /merchants/img/products/men_02.jpg
Stack Trace:
#0 /Applications/XAMPP/xamppfiles/htdocs/phonlamai/lib/Cake/Routing/Dispatcher.php(193): Controller->invokeAction(Object(CakeRequest))
#1 /Applications/XAMPP/xamppfiles/htdocs/phonlamai/lib/Cake/Routing/Dispatcher.php(167): Dispatcher->_invoke(Object(MerchantsController), Object(CakeRequest))
#2 /Applications/XAMPP/xamppfiles/htdocs/phonlamai/frond/webroot/index.php(111): Dispatcher->dispatch(Object(CakeRequest), Object(CakeResponse))
#3 {main}
2017-12-19 11:44:12 Error: [MissingActionException] Action MerchantsController::img() could not be found.
Exception Attributes: array (
  'controller' => 'MerchantsController',
  'action' => 'img',
)
Request URL: /merchants/img/products/men_05.jpg
Stack Trace:
#0 /Applications/XAMPP/xamppfiles/htdocs/phonlamai/lib/Cake/Routing/Dispatcher.php(193): Controller->invokeAction(Object(CakeRequest))
#1 /Applications/XAMPP/xamppfiles/htdocs/phonlamai/lib/Cake/Routing/Dispatcher.php(167): Dispatcher->_invoke(Object(MerchantsController), Object(CakeRequest))
#2 /Applications/XAMPP/xamppfiles/htdocs/phonlamai/frond/webroot/index.php(111): Dispatcher->dispatch(Object(CakeRequest), Object(CakeResponse))
#3 {main}
2017-12-19 11:44:12 Error: [MissingActionException] Action MerchantsController::img() could not be found.
Exception Attributes: array (
  'controller' => 'MerchantsController',
  'action' => 'img',
)
Request URL: /merchants/img/products/men_05.jpg
Stack Trace:
#0 /Applications/XAMPP/xamppfiles/htdocs/phonlamai/lib/Cake/Routing/Dispatcher.php(193): Controller->invokeAction(Object(CakeRequest))
#1 /Applications/XAMPP/xamppfiles/htdocs/phonlamai/lib/Cake/Routing/Dispatcher.php(167): Dispatcher->_invoke(Object(MerchantsController), Object(CakeRequest))
#2 /Applications/XAMPP/xamppfiles/htdocs/phonlamai/frond/webroot/index.php(111): Dispatcher->dispatch(Object(CakeRequest), Object(CakeResponse))
#3 {main}
2017-12-19 11:44:12 Error: [MissingActionException] Action MerchantsController::img() could not be found.
Exception Attributes: array (
  'controller' => 'MerchantsController',
  'action' => 'img',
)
Request URL: /merchants/img/products/men_04.jpg
Stack Trace:
#0 /Applications/XAMPP/xamppfiles/htdocs/phonlamai/lib/Cake/Routing/Dispatcher.php(193): Controller->invokeAction(Object(CakeRequest))
#1 /Applications/XAMPP/xamppfiles/htdocs/phonlamai/lib/Cake/Routing/Dispatcher.php(167): Dispatcher->_invoke(Object(MerchantsController), Object(CakeRequest))
#2 /Applications/XAMPP/xamppfiles/htdocs/phonlamai/frond/webroot/index.php(111): Dispatcher->dispatch(Object(CakeRequest), Object(CakeResponse))
#3 {main}
2017-12-19 11:44:12 Error: [MissingActionException] Action MerchantsController::img() could not be found.
Exception Attributes: array (
  'controller' => 'MerchantsController',
  'action' => 'img',
)
Request URL: /merchants/img/products/men_03.jpg
Stack Trace:
#0 /Applications/XAMPP/xamppfiles/htdocs/phonlamai/lib/Cake/Routing/Dispatcher.php(193): Controller->invokeAction(Object(CakeRequest))
#1 /Applications/XAMPP/xamppfiles/htdocs/phonlamai/lib/Cake/Routing/Dispatcher.php(167): Dispatcher->_invoke(Object(MerchantsController), Object(CakeRequest))
#2 /Applications/XAMPP/xamppfiles/htdocs/phonlamai/frond/webroot/index.php(111): Dispatcher->dispatch(Object(CakeRequest), Object(CakeResponse))
#3 {main}
2017-12-19 11:44:12 Error: [MissingActionException] Action MerchantsController::img() could not be found.
Exception Attributes: array (
  'controller' => 'MerchantsController',
  'action' => 'img',
)
Request URL: /merchants/img/products/men_01.jpg
Stack Trace:
#0 /Applications/XAMPP/xamppfiles/htdocs/phonlamai/lib/Cake/Routing/Dispatcher.php(193): Controller->invokeAction(Object(CakeRequest))
#1 /Applications/XAMPP/xamppfiles/htdocs/phonlamai/lib/Cake/Routing/Dispatcher.php(167): Dispatcher->_invoke(Object(MerchantsController), Object(CakeRequest))
#2 /Applications/XAMPP/xamppfiles/htdocs/phonlamai/frond/webroot/index.php(111): Dispatcher->dispatch(Object(CakeRequest), Object(CakeResponse))
#3 {main}
2017-12-21 13:50:10 Error: [MissingActionException] Action MerchantsController::img() could not be found.
Exception Attributes: array (
  'controller' => 'MerchantsController',
  'action' => 'img',
)
Request URL: /merchants/img/logo.png
Stack Trace:
#0 /Applications/XAMPP/xamppfiles/htdocs/phonlamai/lib/Cake/Routing/Dispatcher.php(193): Controller->invokeAction(Object(CakeRequest))
#1 /Applications/XAMPP/xamppfiles/htdocs/phonlamai/lib/Cake/Routing/Dispatcher.php(167): Dispatcher->_invoke(Object(MerchantsController), Object(CakeRequest))
#2 /Applications/XAMPP/xamppfiles/htdocs/phonlamai/frond/webroot/index.php(111): Dispatcher->dispatch(Object(CakeRequest), Object(CakeResponse))
#3 {main}
2017-12-21 13:50:10 Error: [MissingActionException] Action MerchantsController::img() could not be found.
Exception Attributes: array (
  'controller' => 'MerchantsController',
  'action' => 'img',
)
Request URL: /merchants/img/products/men_05.jpg
Stack Trace:
#0 /Applications/XAMPP/xamppfiles/htdocs/phonlamai/lib/Cake/Routing/Dispatcher.php(193): Controller->invokeAction(Object(CakeRequest))
#1 /Applications/XAMPP/xamppfiles/htdocs/phonlamai/lib/Cake/Routing/Dispatcher.php(167): Dispatcher->_invoke(Object(MerchantsController), Object(CakeRequest))
#2 /Applications/XAMPP/xamppfiles/htdocs/phonlamai/frond/webroot/index.php(111): Dispatcher->dispatch(Object(CakeRequest), Object(CakeResponse))
#3 {main}
2017-12-21 13:50:10 Error: [MissingActionException] Action MerchantsController::img() could not be found.
Exception Attributes: array (
  'controller' => 'MerchantsController',
  'action' => 'img',
)
Request URL: /merchants/img/products/men_04.jpg
Stack Trace:
#0 /Applications/XAMPP/xamppfiles/htdocs/phonlamai/lib/Cake/Routing/Dispatcher.php(193): Controller->invokeAction(Object(CakeRequest))
#1 /Applications/XAMPP/xamppfiles/htdocs/phonlamai/lib/Cake/Routing/Dispatcher.php(167): Dispatcher->_invoke(Object(MerchantsController), Object(CakeRequest))
#2 /Applications/XAMPP/xamppfiles/htdocs/phonlamai/frond/webroot/index.php(111): Dispatcher->dispatch(Object(CakeRequest), Object(CakeResponse))
#3 {main}
2017-12-21 13:50:10 Error: [MissingActionException] Action MerchantsController::img() could not be found.
Exception Attributes: array (
  'controller' => 'MerchantsController',
  'action' => 'img',
)
Request URL: /merchants/img/products/men_03.jpg
Stack Trace:
#0 /Applications/XAMPP/xamppfiles/htdocs/phonlamai/lib/Cake/Routing/Dispatcher.php(193): Controller->invokeAction(Object(CakeRequest))
#1 /Applications/XAMPP/xamppfiles/htdocs/phonlamai/lib/Cake/Routing/Dispatcher.php(167): Dispatcher->_invoke(Object(MerchantsController), Object(CakeRequest))
#2 /Applications/XAMPP/xamppfiles/htdocs/phonlamai/frond/webroot/index.php(111): Dispatcher->dispatch(Object(CakeRequest), Object(CakeResponse))
#3 {main}
2017-12-21 13:50:10 Error: [MissingActionException] Action MerchantsController::img() could not be found.
Exception Attributes: array (
  'controller' => 'MerchantsController',
  'action' => 'img',
)
Request URL: /merchants/img/products/men_02.jpg
Stack Trace:
#0 /Applications/XAMPP/xamppfiles/htdocs/phonlamai/lib/Cake/Routing/Dispatcher.php(193): Controller->invokeAction(Object(CakeRequest))
#1 /Applications/XAMPP/xamppfiles/htdocs/phonlamai/lib/Cake/Routing/Dispatcher.php(167): Dispatcher->_invoke(Object(MerchantsController), Object(CakeRequest))
#2 /Applications/XAMPP/xamppfiles/htdocs/phonlamai/frond/webroot/index.php(111): Dispatcher->dispatch(Object(CakeRequest), Object(CakeResponse))
#3 {main}
2017-12-21 13:50:10 Error: [MissingActionException] Action MerchantsController::img() could not be found.
Exception Attributes: array (
  'controller' => 'MerchantsController',
  'action' => 'img',
)
Request URL: /merchants/img/products/men_01.jpg
Stack Trace:
#0 /Applications/XAMPP/xamppfiles/htdocs/phonlamai/lib/Cake/Routing/Dispatcher.php(193): Controller->invokeAction(Object(CakeRequest))
#1 /Applications/XAMPP/xamppfiles/htdocs/phonlamai/lib/Cake/Routing/Dispatcher.php(167): Dispatcher->_invoke(Object(MerchantsController), Object(CakeRequest))
#2 /Applications/XAMPP/xamppfiles/htdocs/phonlamai/frond/webroot/index.php(111): Dispatcher->dispatch(Object(CakeRequest), Object(CakeResponse))
#3 {main}
2017-12-21 13:50:10 Error: [MissingActionException] Action MerchantsController::img() could not be found.
Exception Attributes: array (
  'controller' => 'MerchantsController',
  'action' => 'img',
)
Request URL: /merchants/img/products/men_06.jpg
Stack Trace:
#0 /Applications/XAMPP/xamppfiles/htdocs/phonlamai/lib/Cake/Routing/Dispatcher.php(193): Controller->invokeAction(Object(CakeRequest))
#1 /Applications/XAMPP/xamppfiles/htdocs/phonlamai/lib/Cake/Routing/Dispatcher.php(167): Dispatcher->_invoke(Object(MerchantsController), Object(CakeRequest))
#2 /Applications/XAMPP/xamppfiles/htdocs/phonlamai/frond/webroot/index.php(111): Dispatcher->dispatch(Object(CakeRequest), Object(CakeResponse))
#3 {main}
2017-12-21 13:50:10 Error: [MissingActionException] Action MerchantsController::img() could not be found.
Exception Attributes: array (
  'controller' => 'MerchantsController',
  'action' => 'img',
)
Request URL: /merchants/img/products/men_05.jpg
Stack Trace:
#0 /Applications/XAMPP/xamppfiles/htdocs/phonlamai/lib/Cake/Routing/Dispatcher.php(193): Controller->invokeAction(Object(CakeRequest))
#1 /Applications/XAMPP/xamppfiles/htdocs/phonlamai/lib/Cake/Routing/Dispatcher.php(167): Dispatcher->_invoke(Object(MerchantsController), Object(CakeRequest))
#2 /Applications/XAMPP/xamppfiles/htdocs/phonlamai/frond/webroot/index.php(111): Dispatcher->dispatch(Object(CakeRequest), Object(CakeResponse))
#3 {main}
2017-12-21 13:50:10 Error: [MissingActionException] Action MerchantsController::img() could not be found.
Exception Attributes: array (
  'controller' => 'MerchantsController',
  'action' => 'img',
)
Request URL: /merchants/img/products/men_04.jpg
Stack Trace:
#0 /Applications/XAMPP/xamppfiles/htdocs/phonlamai/lib/Cake/Routing/Dispatcher.php(193): Controller->invokeAction(Object(CakeRequest))
#1 /Applications/XAMPP/xamppfiles/htdocs/phonlamai/lib/Cake/Routing/Dispatcher.php(167): Dispatcher->_invoke(Object(MerchantsController), Object(CakeRequest))
#2 /Applications/XAMPP/xamppfiles/htdocs/phonlamai/frond/webroot/index.php(111): Dispatcher->dispatch(Object(CakeRequest), Object(CakeResponse))
#3 {main}
2017-12-21 13:50:10 Error: [MissingActionException] Action MerchantsController::img() could not be found.
Exception Attributes: array (
  'controller' => 'MerchantsController',
  'action' => 'img',
)
Request URL: /merchants/img/products/men_03.jpg
Stack Trace:
#0 /Applications/XAMPP/xamppfiles/htdocs/phonlamai/lib/Cake/Routing/Dispatcher.php(193): Controller->invokeAction(Object(CakeRequest))
#1 /Applications/XAMPP/xamppfiles/htdocs/phonlamai/lib/Cake/Routing/Dispatcher.php(167): Dispatcher->_invoke(Object(MerchantsController), Object(CakeRequest))
#2 /Applications/XAMPP/xamppfiles/htdocs/phonlamai/frond/webroot/index.php(111): Dispatcher->dispatch(Object(CakeRequest), Object(CakeResponse))
#3 {main}
2017-12-21 13:50:10 Error: [MissingActionException] Action MerchantsController::img() could not be found.
Exception Attributes: array (
  'controller' => 'MerchantsController',
  'action' => 'img',
)
Request URL: /merchants/img/products/men_01.jpg
Stack Trace:
#0 /Applications/XAMPP/xamppfiles/htdocs/phonlamai/lib/Cake/Routing/Dispatcher.php(193): Controller->invokeAction(Object(CakeRequest))
#1 /Applications/XAMPP/xamppfiles/htdocs/phonlamai/lib/Cake/Routing/Dispatcher.php(167): Dispatcher->_invoke(Object(MerchantsController), Object(CakeRequest))
#2 /Applications/XAMPP/xamppfiles/htdocs/phonlamai/frond/webroot/index.php(111): Dispatcher->dispatch(Object(CakeRequest), Object(CakeResponse))
#3 {main}
